<?xml version="1.1" encoding="UTF-8"?>
<testsuite name="skw.rx.util.UtilityOperatorsTest" tests="23" failures="0" errors="0" timestamp="2014-05-14T19:01:14" hostname="localhost" time="0.5">
  <properties/>
  <testcase name="observeOn" classname="skw.rx.util.UtilityOperatorsTest" time="0.009"/>
  <testcase name="singleWhenMany" classname="skw.rx.util.UtilityOperatorsTest" time="0.006"/>
  <testcase name="singleWhenZero" classname="skw.rx.util.UtilityOperatorsTest" time="0.006"/>
  <testcase name="doOnCompleted" classname="skw.rx.util.UtilityOperatorsTest" time="0.008"/>
  <testcase name="dematerialize" classname="skw.rx.util.UtilityOperatorsTest" time="0.009"/>
  <testcase name="doOnFinally" classname="skw.rx.util.UtilityOperatorsTest" time="0.007"/>
  <testcase name="singleOrDefaultWhenOne" classname="skw.rx.util.UtilityOperatorsTest" time="0.006"/>
  <testcase name="singleWhenOne" classname="skw.rx.util.UtilityOperatorsTest" time="0.005"/>
  <testcase name="delaySubscription" classname="skw.rx.util.UtilityOperatorsTest" time="0.102"/>
  <testcase name="singleByPredicate" classname="skw.rx.util.UtilityOperatorsTest" time="0.007"/>
  <testcase name="timestamp" classname="skw.rx.util.UtilityOperatorsTest" time="0.009"/>
  <testcase name="cache" classname="skw.rx.util.UtilityOperatorsTest" time="0.031"/>
  <testcase name="delay" classname="skw.rx.util.UtilityOperatorsTest" time="0.101"/>
  <testcase name="using" classname="skw.rx.util.UtilityOperatorsTest" time="0.009"/>
  <testcase name="doOnError" classname="skw.rx.util.UtilityOperatorsTest" time="0.008"/>
  <testcase name="doOnEach" classname="skw.rx.util.UtilityOperatorsTest" time="0.008"/>
  <testcase name="subscribeOn" classname="skw.rx.util.UtilityOperatorsTest" time="0.018"/>
  <testcase name="timeInterval" classname="skw.rx.util.UtilityOperatorsTest" time="0.103"/>
  <testcase name="parallel" classname="skw.rx.util.UtilityOperatorsTest" time="0.01"/>
  <testcase name="doOnTerminate" classname="skw.rx.util.UtilityOperatorsTest" time="0.008"/>
  <testcase name="materialize" classname="skw.rx.util.UtilityOperatorsTest" time="0.009"/>
  <testcase name="singleOrDefaultWhenMany" classname="skw.rx.util.UtilityOperatorsTest" time="0.005"/>
  <testcase name="singleOrDefaultWhenZero" classname="skw.rx.util.UtilityOperatorsTest" time="0.006"/>
  <system-out><![CDATA[Thread 13: ----------------------------------------------BEGIN
Thread 26:  • alien
Thread 26:  ‾
Thread 13: ----------------------------------------------END

----------------------------------------------BEGIN
 ✖ Sequence contains too many elements
----------------------------------------------END

----------------------------------------------BEGIN
 ✖ Sequence contains no elements
----------------------------------------------END

----------------------------------------------BEGIN
 • robin
 • chaffinch
 • jay
Side effect on completion
 ‾
----------------------------------------------END

----------------------------------------------BEGIN
 • robin
 • chaffinch
 • jay
 ‾
----------------------------------------------END

----------------------------------------------BEGIN
 • robin
 • chaffinch
 • jay
 ‾
Side effect on finally
----------------------------------------------END

----------------------------------------------BEGIN
 • one thing
 ‾
----------------------------------------------END

----------------------------------------------BEGIN
 • one thing
 ‾
----------------------------------------------END

----------------------------------------------iBEGIN
 • 0
 • 1
 • 2
 • 3
----------------------------------------------iEND

----------------------------------------------BEGIN
 • things
 ‾
----------------------------------------------END

----------------------------------------------BEGIN
 • Timestamped(timestampMillis = 1400094074806, value = robin)
 • Timestamped(timestampMillis = 1400094074807, value = chaffinch)
 • Timestamped(timestampMillis = 1400094074807, value = jay)
 ‾
----------------------------------------------END

----------------------------------------------BEGIN
 • Timestamped(timestampMillis = 1400094074819, value = robin)
 • Timestamped(timestampMillis = 1400094074819, value = chaffinch)
 • Timestamped(timestampMillis = 1400094074819, value = jay)
 ‾
----------------------------------------------END

----------------------------------------------BEGIN
 • Timestamped(timestampMillis = 1400094074819, value = robin)
 • Timestamped(timestampMillis = 1400094074819, value = chaffinch)
 • Timestamped(timestampMillis = 1400094074819, value = jay)
 ‾
----------------------------------------------END

----------------------------------------------iBEGIN
 • 0
 • 1
 • 2
 • 3
----------------------------------------------iEND

----------------------------------------------BEGIN
 • 1
 • 2
 ‾
Disposing of resource
----------------------------------------------END

----------------------------------------------BEGIN
Side effect on error java.lang.Exception: Bad stuff
 ✖ Bad stuff
----------------------------------------------END

----------------------------------------------BEGIN
Side effect for [rx.Notification@9a019d99 OnNext robin]
 • robin
Side effect for [rx.Notification@dc91e095 OnNext chaffinch]
 • chaffinch
Side effect for [rx.Notification@9388ce11 OnNext jay]
 • jay
Side effect for [rx.Notification@5b1cf78c OnCompleted]
 ‾
----------------------------------------------END

Thread 13: ----------------------------------------------BEGIN
Thread 13:  • robin
Thread 13:  • chaffinch
Thread 13:  • jay
Thread 13:  ‾
Thread 13: ----------------------------------------------END

Thread 13: ----------------------------------------------BEGIN
Thread 21:  • robin
Thread 21:  • chaffinch
Thread 21:  • jay
Thread 21:  ‾
Thread 13: ----------------------------------------------END

Thread 13: ----------------------------------------------BEGIN
Thread 28:  • robin
Thread 28:  • chaffinch
Thread 28:  • jay
Thread 28:  ‾
Thread 13: ----------------------------------------------END

----------------------------------------------iBEGIN
 • TimeInterval [intervalInMilliseconds=11, value=0]
 • TimeInterval [intervalInMilliseconds=10, value=1]
 • TimeInterval [intervalInMilliseconds=10, value=2]
 • TimeInterval [intervalInMilliseconds=11, value=3]
 • TimeInterval [intervalInMilliseconds=10, value=4]
 • TimeInterval [intervalInMilliseconds=11, value=5]
 • TimeInterval [intervalInMilliseconds=10, value=6]
 • TimeInterval [intervalInMilliseconds=11, value=7]
 • TimeInterval [intervalInMilliseconds=11, value=8]
----------------------------------------------iEND

----------------------------------------------BEGIN
 • rx.Observable@67804e80: 1
 • rx.Observable@5771cc50: 2
 • rx.Observable@7e6c0a79: 8
 • rx.Observable@7e6c0a79: 16
 • rx.Observable@5771cc50: 10
 • rx.Observable@5771cc50: 18
 • rx.Observable@629741ef: 7
 • rx.Observable@629741ef: 15
 • rx.Observable@40e7eae9: 6
 • rx.Observable@40e7eae9: 14
 • rx.Observable@2e6fa678: 5
 • rx.Observable@2e6fa678: 13
 • rx.Observable@2918b53a: 4
 • rx.Observable@2918b53a: 12
 • rx.Observable@2918b53a: 20
 • rx.Observable@72ad2da1: 3
 • rx.Observable@72ad2da1: 11
 • rx.Observable@72ad2da1: 19
 • rx.Observable@67804e80: 9
 • rx.Observable@67804e80: 17
 ‾
----------------------------------------------END

----------------------------------------------BEGIN
 • robin
 • chaffinch
 • jay
Side effect on terminate
 ‾
----------------------------------------------END

----------------------------------------------BEGIN
 • [rx.Notification@9a019d99 OnNext robin]
 • [rx.Notification@dc91e095 OnNext chaffinch]
 • [rx.Notification@9388ce11 OnNext jay]
 • [rx.Notification@5b1cf78c OnCompleted]
 ‾
----------------------------------------------END

----------------------------------------------BEGIN
 ✖ Sequence contains too many elements
----------------------------------------------END

----------------------------------------------BEGIN
 • default
 ‾
----------------------------------------------END

]]></system-out>
  <system-err><![CDATA[]]></system-err>
</testsuite>
