<?xml version="1.1" encoding="UTF-8"?>
<testsuite name="skw.rx.catamorphisms.BlockingOperatorTest" tests="19" failures="0" errors="0" timestamp="2014-05-16T13:44:40" hostname="localhost" time="0.162">
  <properties/>
  <testcase name="mostRecent" classname="skw.rx.catamorphisms.BlockingOperatorTest" time="0.008"/>
  <testcase name="singleOrDefault" classname="skw.rx.catamorphisms.BlockingOperatorTest" time="0.011"/>
  <testcase name="singleWhenMany" classname="skw.rx.catamorphisms.BlockingOperatorTest" time="0.0"/>
  <testcase name="singleWhenNone" classname="skw.rx.catamorphisms.BlockingOperatorTest" time="0.0"/>
  <testcase name="firstOrDefault" classname="skw.rx.catamorphisms.BlockingOperatorTest" time="0.0"/>
  <testcase name="singleWithPredicateWhenMany" classname="skw.rx.catamorphisms.BlockingOperatorTest" time="0.001"/>
  <testcase name="latest" classname="skw.rx.catamorphisms.BlockingOperatorTest" time="0.059"/>
  <testcase name="single" classname="skw.rx.catamorphisms.BlockingOperatorTest" time="0.0"/>
  <testcase name="forEach" classname="skw.rx.catamorphisms.BlockingOperatorTest" time="0.002"/>
  <testcase name="lastOrDefault" classname="skw.rx.catamorphisms.BlockingOperatorTest" time="0.0"/>
  <testcase name="last" classname="skw.rx.catamorphisms.BlockingOperatorTest" time="0.0"/>
  <testcase name="next" classname="skw.rx.catamorphisms.BlockingOperatorTest" time="0.064"/>
  <testcase name="first" classname="skw.rx.catamorphisms.BlockingOperatorTest" time="0.0"/>
  <testcase name="toFutureWhenOne" classname="skw.rx.catamorphisms.BlockingOperatorTest" time="0.002"/>
  <testcase name="toFutureWhenMany" classname="skw.rx.catamorphisms.BlockingOperatorTest" time="0.001"/>
  <testcase name="toIterable" classname="skw.rx.catamorphisms.BlockingOperatorTest" time="0.003"/>
  <testcase name="toIterator" classname="skw.rx.catamorphisms.BlockingOperatorTest" time="0.001"/>
  <testcase name="singleOrDefaultWhenMany" classname="skw.rx.catamorphisms.BlockingOperatorTest" time="0.0"/>
  <testcase name="singleOrDefaultWhenNone" classname="skw.rx.catamorphisms.BlockingOperatorTest" time="0.0"/>
  <system-out><![CDATA[-1
-1
-1
-1
-1
-1
-1
-1
-1
-1
-1
-1
-1
-1
-1
-1
-1
-1
-1
-1
-1
-1
-1
-1
-1
-1
-1
-1
-1
-1
-1
-1
-1
-1
-1
-1
-1
-1
-1
-1
-1
-1
-1
-1
-1
-1
-1
-1
-1
-1
-1
-1
-1
-1
-1
-1
-1
-1
-1
-1
-1
-1
-1
-1
-1
-1
-1
-1
-1
-1
-1
-1
-1
-1
-1
-1
-1
-1
-1
-1
-1
-1
-1
-1
-1
-1
-1
-1
-1
-1
-1
-1
-1
-1
-1
-1
-1
-1
-1
-1
-1
-1
-1
-1
-1
-1
-1
-1
-1
-1
-1
-1
-1
-1
-1
-1
-1
-1
-1
-1
-1
-1
-1
-1
-1
-1
-1
-1
-1
-1
-1
-1
-1
-1
-1
-1
-1
-1
-1
-1
-1
-1
-1
-1
-1
-1
-1
-1
-1
-1
-1
-1
-1
-1
-1
-1
-1
-1
-1
-1
-1
-1
-1
-1
-1
-1
-1
-1
-1
-1
-1
-1
-1
-1
-1
-1
-1
-1
-1
-1
-1
-1
-1
-1
-1
-1
-1
-1
-1
-1
-1
-1
-1
-1
-1
-1
-1
-1
-1
-1
1
1
1
1
1
1
1
1
1
1
1
1
1
1
1
1
1
1
1
1
1
1
1
1
1
1
1
1
1
1
1
1
1
1
1
1
1
1
1
1
1
1
1
1
1
1
1
1
1
1
1
1
1
1
1
1
1
1
1
1
1
1
1
1
1
1
1
1
1
1
1
1
1
1
1
1
1
1
1
1
1
1
1
1
1
1
1
1
1
1
1
1
1
1
1
1
1
1
1
1
1
1
1
1
1
1
1
1
1
1
1
1
1
1
1
1
1
1
1
1
1
1
1
1
1
1
1
1
1
1
1
1
1
1
1
1
1
1
1
1
1
1
1
1
1
1
1
1
1
1
1
1
1
1
1
1
1
1
1
1
unique
default
just
0
1
2
3
unique
eating
her
fingers
like
they're
just
another
meal
default
meal
0
2
4
eating
[eating, her, fingers, like, they're, just, another, meal]
eating
her
fingers
like
they're
just
another
meal
eating
her
fingers
like
they're
just
another
meal
default
]]></system-out>
  <system-err><![CDATA[]]></system-err>
</testsuite>
