<?xml version="1.1" encoding="UTF-8"?>
<testsuite name="skw.rx.anamorphisms.AsyncOperatorTest" tests="6" failures="0" errors="0" timestamp="2014-05-16T14:51:20" hostname="localhost" time="0.129">
  <properties/>
  <testcase name="fromRunnable" classname="skw.rx.anamorphisms.AsyncOperatorTest" time="0.105"/>
  <testcase name="toAsync" classname="skw.rx.anamorphisms.AsyncOperatorTest" time="0.007"/>
  <testcase name="forEachFuture" classname="skw.rx.anamorphisms.AsyncOperatorTest" time="0.006"/>
  <testcase name="start" classname="skw.rx.anamorphisms.AsyncOperatorTest" time="0.002"/>
  <testcase name="fromAction" classname="skw.rx.anamorphisms.AsyncOperatorTest" time="0.005"/>
  <testcase name="fromCallable" classname="skw.rx.anamorphisms.AsyncOperatorTest" time="0.002"/>
  <system-out><![CDATA[----------------------------------------------BEGIN
 • value
 ‾
----------------------------------------------END

Thread 13: ----------------------------------------------BEGIN
Thread 13:  • one thing
Thread 13:  ‾
----------------------------------------------END

1
2
Thread 13: ----------------------------------------------BEGIN
Thread 13:  • one thing
Thread 13:  ‾
----------------------------------------------END

----------------------------------------------BEGIN
 • 42
 ‾
----------------------------------------------END

----------------------------------------------BEGIN
]]></system-out>
  <system-err><![CDATA[]]></system-err>
</testsuite>
