<?xml version="1.1" encoding="UTF-8"?>
<testsuite name="skw.rx.binding.ConditionalOperatorTest" tests="13" failures="0" errors="0" timestamp="2014-05-16T14:43:39" hostname="localhost" time="0.125">
  <properties/>
  <testcase name="skipWhileWithIndex" classname="skw.rx.binding.ConditionalOperatorTest" time="0.003"/>
  <testcase name="exists" classname="skw.rx.binding.ConditionalOperatorTest" time="0.002"/>
  <testcase name="sequenceEqual" classname="skw.rx.binding.ConditionalOperatorTest" time="0.003"/>
  <testcase name="defaultIfEmpty" classname="skw.rx.binding.ConditionalOperatorTest" time="0.002"/>
  <testcase name="contains" classname="skw.rx.binding.ConditionalOperatorTest" time="0.001"/>
  <testcase name="all" classname="skw.rx.binding.ConditionalOperatorTest" time="0.002"/>
  <testcase name="amb" classname="skw.rx.binding.ConditionalOperatorTest" time="0.054"/>
  <testcase name="takeWhileWithIndex" classname="skw.rx.binding.ConditionalOperatorTest" time="0.003"/>
  <testcase name="takeUntil" classname="skw.rx.binding.ConditionalOperatorTest" time="0.024"/>
  <testcase name="takeWhile" classname="skw.rx.binding.ConditionalOperatorTest" time="0.0"/>
  <testcase name="isEmpty" classname="skw.rx.binding.ConditionalOperatorTest" time="0.001"/>
  <testcase name="skipUntil" classname="skw.rx.binding.ConditionalOperatorTest" time="0.023"/>
  <testcase name="skipWhile" classname="skw.rx.binding.ConditionalOperatorTest" time="0.003"/>
  <system-out><![CDATA[----------------------------------------------BEGIN
 • stained
 • and
 • it's
 • not
 • my
 • fault
 ‾
----------------------------------------------END

----------------------------------------------BEGIN
 • true
 ‾
----------------------------------------------END

----------------------------------------------BEGIN
 • true
 ‾
----------------------------------------------END

----------------------------------------------BEGIN
 • default
 ‾
----------------------------------------------END

----------------------------------------------BEGIN
 • true
 ‾
----------------------------------------------END

----------------------------------------------BEGIN
 • true
 ‾
----------------------------------------------END

----------------------------------------------iBEGIN
 • I
 • am
 • first
 ‾
----------------------------------------------END

----------------------------------------------BEGIN
 • Zurich
 • is
 ‾
----------------------------------------------END

----------------------------------------------iBEGIN
 • 0
 • 1
 • 2
 • 3
 • 4
 • 5
 • 6
 • 7
 • 8
 • 9
 • 10
 ‾
----------------------------------------------END

----------------------------------------------BEGIN
 • Zurich
 • is
 • stained
 ‾
----------------------------------------------END

----------------------------------------------BEGIN
 • true
 ‾
----------------------------------------------END

----------------------------------------------iBEGIN
 • 10
 • 11
 • 12
 • 13
 • 14
 • 15
 • 16
 • 17
 • 18
 • 19
----------------------------------------------BEGIN
 • and
 • it's
 • not
 • my
 • fault
 ‾
----------------------------------------------END

]]></system-out>
  <system-err><![CDATA[]]></system-err>
</testsuite>
