<?xml version="1.1" encoding="UTF-8"?>
<testsuite name="skw.rx.binding.TransformingObservablesTest" tests="8" failures="0" errors="0" timestamp="2014-05-09T12:58:44" hostname="localhost" time="0.051">
  <properties/>
  <testcase name="buffer" classname="skw.rx.binding.TransformingObservablesTest" time="0.005"/>
  <testcase name="window" classname="skw.rx.binding.TransformingObservablesTest" time="0.008"/>
  <testcase name="flatMap" classname="skw.rx.binding.TransformingObservablesTest" time="0.007"/>
  <testcase name="map" classname="skw.rx.binding.TransformingObservablesTest" time="0.001"/>
  <testcase name="cast" classname="skw.rx.binding.TransformingObservablesTest" time="0.008"/>
  <testcase name="scan" classname="skw.rx.binding.TransformingObservablesTest" time="0.002"/>
  <testcase name="pivot" classname="skw.rx.binding.TransformingObservablesTest" time="0.016"/>
  <testcase name="groupBy" classname="skw.rx.binding.TransformingObservablesTest" time="0.001"/>
  <system-out><![CDATA[
skw.rx.binding.TransformingObservablesTest.buffer(TransformingObservablesTest.java:70)
 • [Spencer Ward, Leon Jones, Mitchell Ward]
 • [Sue Ward, Camden Jones, Cynthia Jones]
 • [Bailey Jones, Mia Ward]
 ‾

skw.rx.binding.TransformingObservablesTest.window(TransformingObservablesTest.java:80)
 |→•Spencer Ward→•Leon Jones→•Mitchell Ward→|
 |→•Sue Ward→•Camden Jones→•Cynthia Jones→|
 |→•Bailey Jones→•Mia Ward→|
 ‾

skw.rx.binding.TransformingObservablesTest.flatMap(TransformingObservablesTest.java:43)
 • Creep
 • Paranoid Android
 • King of Nails
 • Happy Man
 ‾

skw.rx.binding.TransformingObservablesTest.map(TransformingObservablesTest.java:37)
 • Spencer Ward
 • Mitchell Ward
 • Sue Ward
 ‾

skw.rx.binding.TransformingObservablesTest.cast(TransformingObservablesTest.java:92)
 ✖ Cannot cast java.lang.String to skw.rx.binding.TransformingObservablesTest$1Turnip

skw.rx.binding.TransformingObservablesTest.scan(TransformingObservablesTest.java:48)
 • Spencer
 • Spencer,Mitchell
 • Spencer,Mitchell,Sue
 ‾

skw.rx.binding.TransformingObservablesTest.pivot(TransformingObservablesTest.java:65)
 |→•rx.observables.GroupedObservable@79e47862→•rx.observables.GroupedObservable@4e925935→|
 |→•rx.observables.GroupedObservable@5d3d5f94→•rx.observables.GroupedObservable@68074019→|
 ‾

skw.rx.binding.TransformingObservablesTest.groupBy(TransformingObservablesTest.java:53)
 |→•Leon Jones→•Camden Jones→•Cynthia Jones→•Bailey Jones→|
 ‾
 |→•Spencer Ward→•Mitchell Ward→•Sue Ward→•Mia Ward→|
]]></system-out>
  <system-err><![CDATA[]]></system-err>
</testsuite>
