<?xml version="1.1" encoding="UTF-8"?>
<testsuite name="skw.rx.util.UtilityOperatorsTest" tests="23" failures="0" errors="0" timestamp="2014-05-16T14:43:39" hostname="localhost" time="0.356">
  <properties/>
  <testcase name="observeOn" classname="skw.rx.util.UtilityOperatorsTest" time="0.001"/>
  <testcase name="singleWhenMany" classname="skw.rx.util.UtilityOperatorsTest" time="0.0"/>
  <testcase name="singleWhenZero" classname="skw.rx.util.UtilityOperatorsTest" time="0.0"/>
  <testcase name="doOnCompleted" classname="skw.rx.util.UtilityOperatorsTest" time="0.005"/>
  <testcase name="dematerialize" classname="skw.rx.util.UtilityOperatorsTest" time="0.006"/>
  <testcase name="doOnFinally" classname="skw.rx.util.UtilityOperatorsTest" time="0.001"/>
  <testcase name="singleOrDefaultWhenOne" classname="skw.rx.util.UtilityOperatorsTest" time="0.001"/>
  <testcase name="singleWhenOne" classname="skw.rx.util.UtilityOperatorsTest" time="0.0"/>
  <testcase name="delaySubscription" classname="skw.rx.util.UtilityOperatorsTest" time="0.103"/>
  <testcase name="singleByPredicate" classname="skw.rx.util.UtilityOperatorsTest" time="0.001"/>
  <testcase name="timestamp" classname="skw.rx.util.UtilityOperatorsTest" time="0.002"/>
  <testcase name="cache" classname="skw.rx.util.UtilityOperatorsTest" time="0.012"/>
  <testcase name="delay" classname="skw.rx.util.UtilityOperatorsTest" time="0.102"/>
  <testcase name="using" classname="skw.rx.util.UtilityOperatorsTest" time="0.003"/>
  <testcase name="doOnError" classname="skw.rx.util.UtilityOperatorsTest" time="0.001"/>
  <testcase name="doOnEach" classname="skw.rx.util.UtilityOperatorsTest" time="0.003"/>
  <testcase name="subscribeOn" classname="skw.rx.util.UtilityOperatorsTest" time="0.002"/>
  <testcase name="timeInterval" classname="skw.rx.util.UtilityOperatorsTest" time="0.103"/>
  <testcase name="parallel" classname="skw.rx.util.UtilityOperatorsTest" time="0.003"/>
  <testcase name="doOnTerminate" classname="skw.rx.util.UtilityOperatorsTest" time="0.001"/>
  <testcase name="materialize" classname="skw.rx.util.UtilityOperatorsTest" time="0.0"/>
  <testcase name="singleOrDefaultWhenMany" classname="skw.rx.util.UtilityOperatorsTest" time="0.0"/>
  <testcase name="singleOrDefaultWhenZero" classname="skw.rx.util.UtilityOperatorsTest" time="0.0"/>
  <system-out><![CDATA[Thread 13: ----------------------------------------------BEGIN
----------------------------------------------BEGIN
 ✖ Sequence contains too many elements
----------------------------------------------END

----------------------------------------------BEGIN
 ✖ Sequence contains no elements
----------------------------------------------END

Thread 23:  • alien
Thread 23:  ‾
----------------------------------------------END

----------------------------------------------BEGIN
 • robin
 • chaffinch
 • jay
Side effect on completion
 ‾
----------------------------------------------END

----------------------------------------------BEGIN
 • robin
 • chaffinch
 • jay
 ‾
----------------------------------------------END

----------------------------------------------BEGIN
 • robin
 • chaffinch
 • jay
 ‾
----------------------------------------------END

Side effect on finally
----------------------------------------------BEGIN
 • one thing
 ‾
----------------------------------------------END

----------------------------------------------BEGIN
 • one thing
 ‾
----------------------------------------------END

----------------------------------------------iBEGIN
 • 0
 • 1
 • 2
 • 3
----------------------------------------------BEGIN
 • things
 ‾
----------------------------------------------END

----------------------------------------------BEGIN
 • Timestamped(timestampMillis = 1400251420051, value = robin)
 • Timestamped(timestampMillis = 1400251420051, value = chaffinch)
 • Timestamped(timestampMillis = 1400251420051, value = jay)
 ‾
----------------------------------------------END

----------------------------------------------BEGIN
 • Timestamped(timestampMillis = 1400251420052, value = robin)
 • Timestamped(timestampMillis = 1400251420052, value = chaffinch)
 • Timestamped(timestampMillis = 1400251420052, value = jay)
 ‾
----------------------------------------------END

----------------------------------------------BEGIN
 • Timestamped(timestampMillis = 1400251420052, value = robin)
 • Timestamped(timestampMillis = 1400251420052, value = chaffinch)
 • Timestamped(timestampMillis = 1400251420052, value = jay)
 ‾
----------------------------------------------END

----------------------------------------------iBEGIN
 • 0
 • 1
 • 2
 • 3
----------------------------------------------BEGIN
 • 1
 • 2
 ‾
Disposing of resource
----------------------------------------------END

----------------------------------------------BEGIN
Side effect on error java.lang.Exception: Bad stuff
 ✖ Bad stuff
----------------------------------------------END

----------------------------------------------BEGIN
Side effect for [rx.Notification@5f17e29d OnNext robin]
 • robin
Side effect for [rx.Notification@a1a82599 OnNext chaffinch]
 • chaffinch
Side effect for [rx.Notification@589f1315 OnNext jay]
 • jay
Side effect for [rx.Notification@10a63128 OnCompleted]
 ‾
----------------------------------------------END

Thread 13: ----------------------------------------------BEGIN
Thread 13:  • robin
Thread 13:  • chaffinch
Thread 13:  • jay
Thread 13:  ‾
----------------------------------------------END

Thread 13: ----------------------------------------------BEGIN
Thread 13: ----------------------------------------------BEGIN
Thread 16:  • robin
Thread 16:  • chaffinch
Thread 16:  • jay
Thread 16:  ‾
----------------------------------------------END

Thread 24:  • robin
Thread 24:  • chaffinch
Thread 24:  • jay
Thread 24:  ‾
----------------------------------------------END

----------------------------------------------iBEGIN
 • TimeInterval [intervalInMilliseconds=11, value=0]
 • TimeInterval [intervalInMilliseconds=9, value=1]
 • TimeInterval [intervalInMilliseconds=11, value=2]
 • TimeInterval [intervalInMilliseconds=10, value=3]
 • TimeInterval [intervalInMilliseconds=10, value=4]
 • TimeInterval [intervalInMilliseconds=11, value=5]
 • TimeInterval [intervalInMilliseconds=8, value=6]
 • TimeInterval [intervalInMilliseconds=11, value=7]
 • TimeInterval [intervalInMilliseconds=10, value=8]
 • TimeInterval [intervalInMilliseconds=10, value=9]
----------------------------------------------BEGIN
 • rx.Observable@8b37fb5: 2
 • rx.Observable@1680918d: 1
 • rx.Observable@3a9062e9: 8
 • rx.Observable@1680918d: 9
 • rx.Observable@3a9062e9: 16
 • rx.Observable@1680918d: 17
 • rx.Observable@7ddf3b2: 7
 • rx.Observable@1249e65c: 6
 • rx.Observable@7ddf3b2: 15
 • rx.Observable@1249e65c: 14
 • rx.Observable@59906188: 5
 • rx.Observable@4c9d5cc3: 4
 • rx.Observable@22ea986c: 3
 • rx.Observable@59906188: 13
 • rx.Observable@4c9d5cc3: 12
 • rx.Observable@4c9d5cc3: 20
 • rx.Observable@22ea986c: 11
 • rx.Observable@22ea986c: 19
 • rx.Observable@8b37fb5: 10
 • rx.Observable@8b37fb5: 18
 ‾
----------------------------------------------BEGIN
----------------------------------------------END

 • robin
 • chaffinch
 • jay
Side effect on terminate
 ‾
----------------------------------------------END

----------------------------------------------BEGIN
 • [rx.Notification@5f17e29d OnNext robin]
 • [rx.Notification@a1a82599 OnNext chaffinch]
 • [rx.Notification@589f1315 OnNext jay]
 • [rx.Notification@10a63128 OnCompleted]
 ‾
----------------------------------------------END

----------------------------------------------BEGIN
 ✖ Sequence contains too many elements
----------------------------------------------END

----------------------------------------------BEGIN
 • default
 ‾
----------------------------------------------END

]]></system-out>
  <system-err><![CDATA[]]></system-err>
</testsuite>
