<?xml version="1.1" encoding="UTF-8"?>
<testsuite name="skw.rx.util.UtilityOperatorsTest" tests="23" failures="0" errors="0" timestamp="2014-05-14T19:54:39" hostname="localhost" time="0.5">
  <properties/>
  <testcase name="observeOn" classname="skw.rx.util.UtilityOperatorsTest" time="0.01"/>
  <testcase name="singleWhenMany" classname="skw.rx.util.UtilityOperatorsTest" time="0.006"/>
  <testcase name="singleWhenZero" classname="skw.rx.util.UtilityOperatorsTest" time="0.006"/>
  <testcase name="doOnCompleted" classname="skw.rx.util.UtilityOperatorsTest" time="0.009"/>
  <testcase name="dematerialize" classname="skw.rx.util.UtilityOperatorsTest" time="0.01"/>
  <testcase name="doOnFinally" classname="skw.rx.util.UtilityOperatorsTest" time="0.008"/>
  <testcase name="singleOrDefaultWhenOne" classname="skw.rx.util.UtilityOperatorsTest" time="0.007"/>
  <testcase name="singleWhenOne" classname="skw.rx.util.UtilityOperatorsTest" time="0.006"/>
  <testcase name="delaySubscription" classname="skw.rx.util.UtilityOperatorsTest" time="0.101"/>
  <testcase name="singleByPredicate" classname="skw.rx.util.UtilityOperatorsTest" time="0.006"/>
  <testcase name="timestamp" classname="skw.rx.util.UtilityOperatorsTest" time="0.008"/>
  <testcase name="cache" classname="skw.rx.util.UtilityOperatorsTest" time="0.025"/>
  <testcase name="delay" classname="skw.rx.util.UtilityOperatorsTest" time="0.102"/>
  <testcase name="using" classname="skw.rx.util.UtilityOperatorsTest" time="0.009"/>
  <testcase name="doOnError" classname="skw.rx.util.UtilityOperatorsTest" time="0.008"/>
  <testcase name="doOnEach" classname="skw.rx.util.UtilityOperatorsTest" time="0.008"/>
  <testcase name="subscribeOn" classname="skw.rx.util.UtilityOperatorsTest" time="0.018"/>
  <testcase name="timeInterval" classname="skw.rx.util.UtilityOperatorsTest" time="0.103"/>
  <testcase name="parallel" classname="skw.rx.util.UtilityOperatorsTest" time="0.01"/>
  <testcase name="doOnTerminate" classname="skw.rx.util.UtilityOperatorsTest" time="0.012"/>
  <testcase name="materialize" classname="skw.rx.util.UtilityOperatorsTest" time="0.006"/>
  <testcase name="singleOrDefaultWhenMany" classname="skw.rx.util.UtilityOperatorsTest" time="0.006"/>
  <testcase name="singleOrDefaultWhenZero" classname="skw.rx.util.UtilityOperatorsTest" time="0.006"/>
  <system-out><![CDATA[Thread 13: ----------------------------------------------BEGIN
Thread 27:  • alien
Thread 27:  ‾
Thread 13: ----------------------------------------------END

----------------------------------------------BEGIN
 ✖ Sequence contains too many elements
----------------------------------------------END

----------------------------------------------BEGIN
 ✖ Sequence contains no elements
----------------------------------------------END

----------------------------------------------BEGIN
 • robin
 • chaffinch
 • jay
Side effect on completion
 ‾
----------------------------------------------END

----------------------------------------------BEGIN
 • robin
 • chaffinch
 • jay
 ‾
----------------------------------------------END

----------------------------------------------BEGIN
 • robin
 • chaffinch
 • jay
 ‾
Side effect on finally
----------------------------------------------END

----------------------------------------------BEGIN
 • one thing
 ‾
----------------------------------------------END

----------------------------------------------BEGIN
 • one thing
 ‾
----------------------------------------------END

----------------------------------------------iBEGIN
 • 0
 • 1
 • 2
 • 3
----------------------------------------------iEND

----------------------------------------------BEGIN
 • things
 ‾
----------------------------------------------END

----------------------------------------------BEGIN
 • Timestamped(timestampMillis = 1400097280064, value = robin)
 • Timestamped(timestampMillis = 1400097280064, value = chaffinch)
 • Timestamped(timestampMillis = 1400097280064, value = jay)
 ‾
----------------------------------------------END

----------------------------------------------BEGIN
 • Timestamped(timestampMillis = 1400097280071, value = robin)
 • Timestamped(timestampMillis = 1400097280071, value = chaffinch)
 • Timestamped(timestampMillis = 1400097280071, value = jay)
 ‾
----------------------------------------------END

----------------------------------------------BEGIN
 • Timestamped(timestampMillis = 1400097280071, value = robin)
 • Timestamped(timestampMillis = 1400097280071, value = chaffinch)
 • Timestamped(timestampMillis = 1400097280071, value = jay)
 ‾
----------------------------------------------END

----------------------------------------------iBEGIN
 • 0
 • 1
 • 2
 • 3
----------------------------------------------iEND

----------------------------------------------BEGIN
 • 1
 • 2
 ‾
Disposing of resource
----------------------------------------------END

----------------------------------------------BEGIN
Side effect on error java.lang.Exception: Bad stuff
 ✖ Bad stuff
----------------------------------------------END

----------------------------------------------BEGIN
Side effect for [rx.Notification@2c0c0d4f OnNext robin]
 • robin
Side effect for [rx.Notification@6e9c504b OnNext chaffinch]
 • chaffinch
Side effect for [rx.Notification@25933dc7 OnNext jay]
 • jay
Side effect for [rx.Notification@339345a0 OnCompleted]
 ‾
----------------------------------------------END

Thread 13: ----------------------------------------------BEGIN
Thread 13:  • robin
Thread 13:  • chaffinch
Thread 13:  • jay
Thread 13:  ‾
Thread 13: ----------------------------------------------END

Thread 13: ----------------------------------------------BEGIN
Thread 23:  • robin
Thread 23:  • chaffinch
Thread 23:  • jay
Thread 23:  ‾
Thread 13: ----------------------------------------------END

Thread 13: ----------------------------------------------BEGIN
Thread 28:  • robin
Thread 28:  • chaffinch
Thread 28:  • jay
Thread 28:  ‾
Thread 13: ----------------------------------------------END

----------------------------------------------iBEGIN
 • TimeInterval [intervalInMilliseconds=11, value=0]
 • TimeInterval [intervalInMilliseconds=12, value=1]
 • TimeInterval [intervalInMilliseconds=11, value=2]
 • TimeInterval [intervalInMilliseconds=11, value=3]
 • TimeInterval [intervalInMilliseconds=12, value=4]
 • TimeInterval [intervalInMilliseconds=10, value=5]
 • TimeInterval [intervalInMilliseconds=10, value=6]
 • TimeInterval [intervalInMilliseconds=11, value=7]
 • TimeInterval [intervalInMilliseconds=11, value=8]
----------------------------------------------iEND

----------------------------------------------BEGIN
 • rx.Observable@fba3249: 1
 • rx.Observable@fba3249: 9
 • rx.Observable@fba3249: 17
 • rx.Observable@51d5cd42: 2
 • rx.Observable@51d5cd42: 10
 • rx.Observable@51d5cd42: 18
 • rx.Observable@68522093: 3
 • rx.Observable@68522093: 11
 • rx.Observable@68522093: 19
 • rx.Observable@43833283: 4
 • rx.Observable@6119ae37: 5
 • rx.Observable@3923ae7: 8
 • rx.Observable@3923ae7: 16
 • rx.Observable@6119ae37: 13
 • rx.Observable@2d15c2da: 7
 • rx.Observable@2d15c2da: 15
 • rx.Observable@62d791e: 6
 • rx.Observable@62d791e: 14
 • rx.Observable@43833283: 12
 • rx.Observable@43833283: 20
 ‾
----------------------------------------------END

----------------------------------------------BEGIN
 • robin
 • chaffinch
 • jay
Side effect on terminate
 ‾
----------------------------------------------END

----------------------------------------------BEGIN
 • [rx.Notification@2c0c0d4f OnNext robin]
 • [rx.Notification@6e9c504b OnNext chaffinch]
 • [rx.Notification@25933dc7 OnNext jay]
 • [rx.Notification@339345a0 OnCompleted]
 ‾
----------------------------------------------END

----------------------------------------------BEGIN
 ✖ Sequence contains too many elements
----------------------------------------------END

----------------------------------------------BEGIN
 • default
 ‾
----------------------------------------------END

]]></system-out>
  <system-err><![CDATA[]]></system-err>
</testsuite>
