<?xml version="1.1" encoding="UTF-8"?>
<testsuite name="skw.rx.binding.FilteringObservablesTest" tests="26" failures="0" errors="0" timestamp="2014-05-15T16:52:33" hostname="localhost" time="0.329">
  <properties/>
  <testcase name="firstByPredicateWhenNone" classname="skw.rx.binding.FilteringObservablesTest" time="0.009"/>
  <testcase name="firstOrDefaultByPredicate" classname="skw.rx.binding.FilteringObservablesTest" time="0.007"/>
  <testcase name="firstOrDefault" classname="skw.rx.binding.FilteringObservablesTest" time="0.006"/>
  <testcase name="distinctUntilChanged" classname="skw.rx.binding.FilteringObservablesTest" time="0.007"/>
  <testcase name="timeout" classname="skw.rx.binding.FilteringObservablesTest" time="0.025"/>
  <testcase name="filter" classname="skw.rx.binding.FilteringObservablesTest" time="0.007"/>
  <testcase name="ofType" classname="skw.rx.binding.FilteringObservablesTest" time="0.008"/>
  <testcase name="ignoreElements" classname="skw.rx.binding.FilteringObservablesTest" time="0.007"/>
  <testcase name="takeFirstWhenNone" classname="skw.rx.binding.FilteringObservablesTest" time="0.006"/>
  <testcase name="sample" classname="skw.rx.binding.FilteringObservablesTest" time="0.041"/>
  <testcase name="takeLast" classname="skw.rx.binding.FilteringObservablesTest" time="0.006"/>
  <testcase name="lastOrDefault" classname="skw.rx.binding.FilteringObservablesTest" time="0.005"/>
  <testcase name="timeoutWithAlternative" classname="skw.rx.binding.FilteringObservablesTest" time="0.021"/>
  <testcase name="lastOrDefaultByPredicate" classname="skw.rx.binding.FilteringObservablesTest" time="0.007"/>
  <testcase name="elementAt" classname="skw.rx.binding.FilteringObservablesTest" time="0.008"/>
  <testcase name="firstByPredicate" classname="skw.rx.binding.FilteringObservablesTest" time="0.008"/>
  <testcase name="last" classname="skw.rx.binding.FilteringObservablesTest" time="0.006"/>
  <testcase name="skip" classname="skw.rx.binding.FilteringObservablesTest" time="0.007"/>
  <testcase name="take" classname="skw.rx.binding.FilteringObservablesTest" time="0.007"/>
  <testcase name="first" classname="skw.rx.binding.FilteringObservablesTest" time="0.006"/>
  <testcase name="distinct" classname="skw.rx.binding.FilteringObservablesTest" time="0.007"/>
  <testcase name="elementAtOrDefault" classname="skw.rx.binding.FilteringObservablesTest" time="0.006"/>
  <testcase name="takeFirst" classname="skw.rx.binding.FilteringObservablesTest" time="0.007"/>
  <testcase name="throttle" classname="skw.rx.binding.FilteringObservablesTest" time="0.082"/>
  <testcase name="takeLastBuffer" classname="skw.rx.binding.FilteringObservablesTest" time="0.007"/>
  <testcase name="skipLast" classname="skw.rx.binding.FilteringObservablesTest" time="0.007"/>
  <system-out><![CDATA[----------------------------------------------BEGIN
 ✖ Sequence contains no elements
----------------------------------------------END

----------------------------------------------BEGIN
 • 0.0
 ‾
----------------------------------------------END

----------------------------------------------BEGIN
 • default
 ‾
----------------------------------------------END

----------------------------------------------BEGIN
 • 1
 • 2
 • 4
 • 1
 • 2
 ‾
----------------------------------------------END

----------------------------------------------iBEGIN
 ✖ null
----------------------------------------------iEND

----------------------------------------------BEGIN
 • 91.8
 • 100.0
 • 89.0
 • 74.9
 ‾
----------------------------------------------END

----------------------------------------------BEGIN
 • hello
 • world
 ‾
----------------------------------------------END

----------------------------------------------BEGIN
 ‾
----------------------------------------------END

----------------------------------------------BEGIN
 ‾
----------------------------------------------END

----------------------------------------------BEGIN
 • 52140
 • 218310
 • 885575
 ‾
----------------------------------------------END

----------------------------------------------BEGIN
 • 74.9
 • 38.0
 ‾
----------------------------------------------END

----------------------------------------------BEGIN
 • default
 ‾
----------------------------------------------END

----------------------------------------------iBEGIN
 • 91.8
 • 38.0
 • 100.0
 • 64.2
 • 89.0
 • 74.9
 • 38.0
 ‾
----------------------------------------------iEND

----------------------------------------------BEGIN
 • 0.0
 ‾
----------------------------------------------END

----------------------------------------------BEGIN
 • 89.0
 ‾
----------------------------------------------END

----------------------------------------------BEGIN
 • 38.0
 ‾
----------------------------------------------END

----------------------------------------------BEGIN
 • 38.0
 ‾
----------------------------------------------END

----------------------------------------------BEGIN
 • 100.0
 • 64.2
 • 89.0
 • 74.9
 • 38.0
 ‾
----------------------------------------------END

----------------------------------------------BEGIN
 • 91.8
 • 38.0
 ‾
----------------------------------------------END

----------------------------------------------BEGIN
 • 91.8
 ‾
----------------------------------------------END

----------------------------------------------BEGIN
 • 1
 • 2
 • 4
 ‾
----------------------------------------------END

----------------------------------------------BEGIN
 • -1.0
 ‾
----------------------------------------------END

----------------------------------------------BEGIN
 • 38.0
 ‾
----------------------------------------------END

----------------------------------------------BEGIN
 • 0
 • 34316
 • 124290
 • 288579
 • 440567
 • 596308
 • 755276
 • 929281
 ‾
----------------------------------------------END

----------------------------------------------BEGIN
 • [74.9, 38.0]
 ‾
----------------------------------------------END

----------------------------------------------BEGIN
 • 91.8
 • 38.0
 • 100.0
 • 64.2
 • 89.0
 ‾
----------------------------------------------END

]]></system-out>
  <system-err><![CDATA[]]></system-err>
</testsuite>
