<?xml version="1.1" encoding="UTF-8"?>
<testsuite name="skw.rx.util.UtilityOperatorsTest" tests="23" failures="0" errors="0" timestamp="2014-05-16T10:38:46" hostname="localhost" time="0.484">
  <properties/>
  <testcase name="observeOn" classname="skw.rx.util.UtilityOperatorsTest" time="0.006"/>
  <testcase name="singleWhenMany" classname="skw.rx.util.UtilityOperatorsTest" time="0.007"/>
  <testcase name="singleWhenZero" classname="skw.rx.util.UtilityOperatorsTest" time="0.005"/>
  <testcase name="doOnCompleted" classname="skw.rx.util.UtilityOperatorsTest" time="0.007"/>
  <testcase name="dematerialize" classname="skw.rx.util.UtilityOperatorsTest" time="0.01"/>
  <testcase name="doOnFinally" classname="skw.rx.util.UtilityOperatorsTest" time="0.008"/>
  <testcase name="singleOrDefaultWhenOne" classname="skw.rx.util.UtilityOperatorsTest" time="0.006"/>
  <testcase name="singleWhenOne" classname="skw.rx.util.UtilityOperatorsTest" time="0.006"/>
  <testcase name="delaySubscription" classname="skw.rx.util.UtilityOperatorsTest" time="0.104"/>
  <testcase name="singleByPredicate" classname="skw.rx.util.UtilityOperatorsTest" time="0.006"/>
  <testcase name="timestamp" classname="skw.rx.util.UtilityOperatorsTest" time="0.009"/>
  <testcase name="cache" classname="skw.rx.util.UtilityOperatorsTest" time="0.024"/>
  <testcase name="delay" classname="skw.rx.util.UtilityOperatorsTest" time="0.101"/>
  <testcase name="using" classname="skw.rx.util.UtilityOperatorsTest" time="0.007"/>
  <testcase name="doOnError" classname="skw.rx.util.UtilityOperatorsTest" time="0.007"/>
  <testcase name="doOnEach" classname="skw.rx.util.UtilityOperatorsTest" time="0.008"/>
  <testcase name="subscribeOn" classname="skw.rx.util.UtilityOperatorsTest" time="0.016"/>
  <testcase name="timeInterval" classname="skw.rx.util.UtilityOperatorsTest" time="0.101"/>
  <testcase name="parallel" classname="skw.rx.util.UtilityOperatorsTest" time="0.008"/>
  <testcase name="doOnTerminate" classname="skw.rx.util.UtilityOperatorsTest" time="0.007"/>
  <testcase name="materialize" classname="skw.rx.util.UtilityOperatorsTest" time="0.006"/>
  <testcase name="singleOrDefaultWhenMany" classname="skw.rx.util.UtilityOperatorsTest" time="0.006"/>
  <testcase name="singleOrDefaultWhenZero" classname="skw.rx.util.UtilityOperatorsTest" time="0.006"/>
  <system-out><![CDATA[Thread 13: ----------------------------------------------BEGIN
Thread 23:  • alien
Thread 23:  ‾
Thread 13: ----------------------------------------------END

----------------------------------------------BEGIN
 ✖ Sequence contains too many elements
----------------------------------------------END

----------------------------------------------BEGIN
 ✖ Sequence contains no elements
----------------------------------------------END

----------------------------------------------BEGIN
 • robin
 • chaffinch
 • jay
Side effect on completion
 ‾
----------------------------------------------END

----------------------------------------------BEGIN
 • robin
 • chaffinch
 • jay
 ‾
----------------------------------------------END

----------------------------------------------BEGIN
 • robin
 • chaffinch
 • jay
 ‾
Side effect on finally
----------------------------------------------END

----------------------------------------------BEGIN
 • one thing
 ‾
----------------------------------------------END

----------------------------------------------BEGIN
 • one thing
 ‾
----------------------------------------------END

----------------------------------------------iBEGIN
 • 0
 • 1
 • 2
 • 3
----------------------------------------------iEND

----------------------------------------------BEGIN
 • things
 ‾
----------------------------------------------END

----------------------------------------------BEGIN
 • Timestamped(timestampMillis = 1400236726458, value = robin)
 • Timestamped(timestampMillis = 1400236726459, value = chaffinch)
 • Timestamped(timestampMillis = 1400236726459, value = jay)
 ‾
----------------------------------------------END

----------------------------------------------BEGIN
 • Timestamped(timestampMillis = 1400236726466, value = robin)
 • Timestamped(timestampMillis = 1400236726466, value = chaffinch)
 • Timestamped(timestampMillis = 1400236726466, value = jay)
 ‾
----------------------------------------------END

----------------------------------------------BEGIN
 • Timestamped(timestampMillis = 1400236726466, value = robin)
 • Timestamped(timestampMillis = 1400236726466, value = chaffinch)
 • Timestamped(timestampMillis = 1400236726466, value = jay)
 ‾
----------------------------------------------END

----------------------------------------------iBEGIN
 • 0
 • 1
 • 2
 • 3
----------------------------------------------iEND

----------------------------------------------BEGIN
 • 1
 • 2
 ‾
Disposing of resource
----------------------------------------------END

----------------------------------------------BEGIN
Side effect on error java.lang.Exception: Bad stuff
 ✖ Bad stuff
----------------------------------------------END

----------------------------------------------BEGIN
Side effect for [rx.Notification@4b01573c OnNext robin]
 • robin
Side effect for [rx.Notification@8d919a38 OnNext chaffinch]
 • chaffinch
Side effect for [rx.Notification@448887b4 OnNext jay]
 • jay
Side effect for [rx.Notification@750d1e3b OnCompleted]
 ‾
----------------------------------------------END

Thread 13: ----------------------------------------------BEGIN
Thread 13:  • robin
Thread 13:  • chaffinch
Thread 13:  • jay
Thread 13:  ‾
Thread 13: ----------------------------------------------END

Thread 13: ----------------------------------------------BEGIN
Thread 21:  • robin
Thread 21:  • chaffinch
Thread 21:  • jay
Thread 21:  ‾
Thread 13: ----------------------------------------------END

Thread 13: ----------------------------------------------BEGIN
Thread 24:  • robin
Thread 24:  • chaffinch
Thread 24:  • jay
Thread 24:  ‾
Thread 13: ----------------------------------------------END

----------------------------------------------iBEGIN
 • TimeInterval [intervalInMilliseconds=10, value=0]
 • TimeInterval [intervalInMilliseconds=11, value=1]
 • TimeInterval [intervalInMilliseconds=10, value=2]
 • TimeInterval [intervalInMilliseconds=10, value=3]
 • TimeInterval [intervalInMilliseconds=11, value=4]
 • TimeInterval [intervalInMilliseconds=8, value=5]
 • TimeInterval [intervalInMilliseconds=11, value=6]
 • TimeInterval [intervalInMilliseconds=10, value=7]
 • TimeInterval [intervalInMilliseconds=10, value=8]
----------------------------------------------iEND

----------------------------------------------BEGIN
 • rx.Observable@4b742027: 1
 • rx.Observable@22c26d12: 2
 • rx.Observable@22c26d12: 10
 • rx.Observable@5a39e3bd: 8
 • rx.Observable@22c26d12: 18
 • rx.Observable@5a39e3bd: 16
 • rx.Observable@5516b64c: 7
 • rx.Observable@d653dcd: 6
 • rx.Observable@5516b64c: 15
 • rx.Observable@710387d1: 5
 • rx.Observable@d653dcd: 14
 • rx.Observable@710387d1: 13
 • rx.Observable@2e4d0818: 4
 • rx.Observable@91a1ce1: 3
 • rx.Observable@2e4d0818: 12
 • rx.Observable@2e4d0818: 20
 • rx.Observable@91a1ce1: 11
 • rx.Observable@91a1ce1: 19
 • rx.Observable@4b742027: 9
 • rx.Observable@4b742027: 17
 ‾
----------------------------------------------END

----------------------------------------------BEGIN
 • robin
 • chaffinch
 • jay
Side effect on terminate
 ‾
----------------------------------------------END

----------------------------------------------BEGIN
 • [rx.Notification@4b01573c OnNext robin]
 • [rx.Notification@8d919a38 OnNext chaffinch]
 • [rx.Notification@448887b4 OnNext jay]
 • [rx.Notification@750d1e3b OnCompleted]
 ‾
----------------------------------------------END

----------------------------------------------BEGIN
 ✖ Sequence contains too many elements
----------------------------------------------END

----------------------------------------------BEGIN
 • default
 ‾
----------------------------------------------END

]]></system-out>
  <system-err><![CDATA[]]></system-err>
</testsuite>
