<?xml version="1.1" encoding="UTF-8"?>
<testsuite name="skw.rx.util.UtilityOperatorsTest" tests="23" failures="0" errors="0" timestamp="2014-05-16T14:51:21" hostname="localhost" time="0.347">
  <properties/>
  <testcase name="observeOn" classname="skw.rx.util.UtilityOperatorsTest" time="0.001"/>
  <testcase name="singleWhenMany" classname="skw.rx.util.UtilityOperatorsTest" time="0.0"/>
  <testcase name="singleWhenZero" classname="skw.rx.util.UtilityOperatorsTest" time="0.0"/>
  <testcase name="doOnCompleted" classname="skw.rx.util.UtilityOperatorsTest" time="0.002"/>
  <testcase name="dematerialize" classname="skw.rx.util.UtilityOperatorsTest" time="0.001"/>
  <testcase name="doOnFinally" classname="skw.rx.util.UtilityOperatorsTest" time="0.001"/>
  <testcase name="singleOrDefaultWhenOne" classname="skw.rx.util.UtilityOperatorsTest" time="0.0"/>
  <testcase name="singleWhenOne" classname="skw.rx.util.UtilityOperatorsTest" time="0.0"/>
  <testcase name="delaySubscription" classname="skw.rx.util.UtilityOperatorsTest" time="0.103"/>
  <testcase name="singleByPredicate" classname="skw.rx.util.UtilityOperatorsTest" time="0.001"/>
  <testcase name="timestamp" classname="skw.rx.util.UtilityOperatorsTest" time="0.003"/>
  <testcase name="cache" classname="skw.rx.util.UtilityOperatorsTest" time="0.013"/>
  <testcase name="delay" classname="skw.rx.util.UtilityOperatorsTest" time="0.101"/>
  <testcase name="using" classname="skw.rx.util.UtilityOperatorsTest" time="0.002"/>
  <testcase name="doOnError" classname="skw.rx.util.UtilityOperatorsTest" time="0.002"/>
  <testcase name="doOnEach" classname="skw.rx.util.UtilityOperatorsTest" time="0.002"/>
  <testcase name="subscribeOn" classname="skw.rx.util.UtilityOperatorsTest" time="0.001"/>
  <testcase name="timeInterval" classname="skw.rx.util.UtilityOperatorsTest" time="0.101"/>
  <testcase name="parallel" classname="skw.rx.util.UtilityOperatorsTest" time="0.004"/>
  <testcase name="doOnTerminate" classname="skw.rx.util.UtilityOperatorsTest" time="0.001"/>
  <testcase name="materialize" classname="skw.rx.util.UtilityOperatorsTest" time="0.001"/>
  <testcase name="singleOrDefaultWhenMany" classname="skw.rx.util.UtilityOperatorsTest" time="0.0"/>
  <testcase name="singleOrDefaultWhenZero" classname="skw.rx.util.UtilityOperatorsTest" time="0.0"/>
  <system-out><![CDATA[Thread 13: ----------------------------------------------BEGIN
----------------------------------------------BEGIN
 ✖ Sequence contains too many elements
----------------------------------------------END

----------------------------------------------BEGIN
 ✖ Sequence contains no elements
----------------------------------------------END

Thread 23:  • alien
Thread 23:  ‾
----------------------------------------------END

----------------------------------------------BEGIN
 • robin
 • chaffinch
 • jay
Side effect on completion
 ‾
----------------------------------------------END

----------------------------------------------BEGIN
 • robin
 • chaffinch
 • jay
 ‾
----------------------------------------------END

----------------------------------------------BEGIN
 • robin
 • chaffinch
 • jay
 ‾
----------------------------------------------END

Side effect on finally
----------------------------------------------BEGIN
 • one thing
 ‾
----------------------------------------------END

----------------------------------------------BEGIN
 • one thing
 ‾
----------------------------------------------END

----------------------------------------------iBEGIN
 • 0
 • 1
 • 2
 • 3
----------------------------------------------BEGIN
 • things
 ‾
----------------------------------------------END

----------------------------------------------BEGIN
 • Timestamped(timestampMillis = 1400251881890, value = robin)
 • Timestamped(timestampMillis = 1400251881891, value = chaffinch)
 • Timestamped(timestampMillis = 1400251881891, value = jay)
 ‾
----------------------------------------------END

----------------------------------------------BEGIN
 • Timestamped(timestampMillis = 1400251881892, value = robin)
 • Timestamped(timestampMillis = 1400251881892, value = chaffinch)
 • Timestamped(timestampMillis = 1400251881892, value = jay)
 ‾
----------------------------------------------END

----------------------------------------------BEGIN
 • Timestamped(timestampMillis = 1400251881892, value = robin)
 • Timestamped(timestampMillis = 1400251881892, value = chaffinch)
 • Timestamped(timestampMillis = 1400251881892, value = jay)
 ‾
----------------------------------------------END

----------------------------------------------iBEGIN
 • 0
 • 1
 • 2
 • 3
 • 4
----------------------------------------------BEGIN
 • 1
 • 2
 ‾
Disposing of resource
----------------------------------------------END

----------------------------------------------BEGIN
Side effect on error java.lang.Exception: Bad stuff
 ✖ Bad stuff
----------------------------------------------END

----------------------------------------------BEGIN
Side effect for [rx.Notification@4139b41d OnNext robin]
 • robin
Side effect for [rx.Notification@83c9f719 OnNext chaffinch]
 • chaffinch
Side effect for [rx.Notification@3ac0e495 OnNext jay]
 • jay
Side effect for [rx.Notification@471186f0 OnCompleted]
 ‾
----------------------------------------------END

Thread 13: ----------------------------------------------BEGIN
Thread 13:  • robin
Thread 13:  • chaffinch
Thread 13:  • jay
Thread 13:  ‾
----------------------------------------------END

Thread 13: ----------------------------------------------BEGIN
Thread 13: ----------------------------------------------BEGIN
Thread 16:  • robin
Thread 16:  • chaffinch
Thread 16:  • jay
Thread 16:  ‾
----------------------------------------------END

Thread 24:  • robin
Thread 24:  • chaffinch
Thread 24:  • jay
Thread 24:  ‾
----------------------------------------------END

----------------------------------------------iBEGIN
 • TimeInterval [intervalInMilliseconds=10, value=0]
 • TimeInterval [intervalInMilliseconds=11, value=1]
 • TimeInterval [intervalInMilliseconds=10, value=2]
 • TimeInterval [intervalInMilliseconds=10, value=3]
 • TimeInterval [intervalInMilliseconds=10, value=4]
 • TimeInterval [intervalInMilliseconds=10, value=5]
 • TimeInterval [intervalInMilliseconds=9, value=6]
 • TimeInterval [intervalInMilliseconds=11, value=7]
 • TimeInterval [intervalInMilliseconds=10, value=8]
----------------------------------------------BEGIN
 • rx.Observable@28137846: 1
 • rx.Observable@710387d1: 2
 • rx.Observable@2a019a3: 8
 • rx.Observable@1b4d2440: 7
 • rx.Observable@710387d1: 10
 • rx.Observable@2a019a3: 16
 • rx.Observable@1b4d2440: 15
 • rx.Observable@710387d1: 18
 • rx.Observable@71b92006: 6
 • rx.Observable@3565aba0: 5
 • rx.Observable@71b92006: 14
 • rx.Observable@3565aba0: 13
 • rx.Observable@45c39279: 4
 • rx.Observable@d653dcd: 3
 • rx.Observable@45c39279: 12
 • rx.Observable@45c39279: 20
 • rx.Observable@d653dcd: 11
 • rx.Observable@d653dcd: 19
 • rx.Observable@28137846: 9
 • rx.Observable@28137846: 17
 ‾
----------------------------------------------END

----------------------------------------------BEGIN
 • robin
 • chaffinch
 • jay
Side effect on terminate
 ‾
----------------------------------------------END

----------------------------------------------BEGIN
 • [rx.Notification@4139b41d OnNext robin]
 • [rx.Notification@83c9f719 OnNext chaffinch]
 • [rx.Notification@3ac0e495 OnNext jay]
 • [rx.Notification@471186f0 OnCompleted]
 ‾
----------------------------------------------END

----------------------------------------------BEGIN
 ✖ Sequence contains too many elements
----------------------------------------------END

----------------------------------------------BEGIN
 • default
 ‾
----------------------------------------------END

]]></system-out>
  <system-err><![CDATA[]]></system-err>
</testsuite>
