<?xml version="1.1" encoding="UTF-8"?>
<testsuite name="skw.rx.util.UtilityOperatorsTest" tests="23" failures="0" errors="0" timestamp="2014-05-14T20:15:33" hostname="localhost" time="0.494">
  <properties/>
  <testcase name="observeOn" classname="skw.rx.util.UtilityOperatorsTest" time="0.008"/>
  <testcase name="singleWhenMany" classname="skw.rx.util.UtilityOperatorsTest" time="0.006"/>
  <testcase name="singleWhenZero" classname="skw.rx.util.UtilityOperatorsTest" time="0.005"/>
  <testcase name="doOnCompleted" classname="skw.rx.util.UtilityOperatorsTest" time="0.009"/>
  <testcase name="dematerialize" classname="skw.rx.util.UtilityOperatorsTest" time="0.008"/>
  <testcase name="doOnFinally" classname="skw.rx.util.UtilityOperatorsTest" time="0.007"/>
  <testcase name="singleOrDefaultWhenOne" classname="skw.rx.util.UtilityOperatorsTest" time="0.005"/>
  <testcase name="singleWhenOne" classname="skw.rx.util.UtilityOperatorsTest" time="0.005"/>
  <testcase name="delaySubscription" classname="skw.rx.util.UtilityOperatorsTest" time="0.104"/>
  <testcase name="singleByPredicate" classname="skw.rx.util.UtilityOperatorsTest" time="0.007"/>
  <testcase name="timestamp" classname="skw.rx.util.UtilityOperatorsTest" time="0.009"/>
  <testcase name="cache" classname="skw.rx.util.UtilityOperatorsTest" time="0.025"/>
  <testcase name="delay" classname="skw.rx.util.UtilityOperatorsTest" time="0.102"/>
  <testcase name="using" classname="skw.rx.util.UtilityOperatorsTest" time="0.009"/>
  <testcase name="doOnError" classname="skw.rx.util.UtilityOperatorsTest" time="0.007"/>
  <testcase name="doOnEach" classname="skw.rx.util.UtilityOperatorsTest" time="0.009"/>
  <testcase name="subscribeOn" classname="skw.rx.util.UtilityOperatorsTest" time="0.018"/>
  <testcase name="timeInterval" classname="skw.rx.util.UtilityOperatorsTest" time="0.102"/>
  <testcase name="parallel" classname="skw.rx.util.UtilityOperatorsTest" time="0.011"/>
  <testcase name="doOnTerminate" classname="skw.rx.util.UtilityOperatorsTest" time="0.006"/>
  <testcase name="materialize" classname="skw.rx.util.UtilityOperatorsTest" time="0.008"/>
  <testcase name="singleOrDefaultWhenMany" classname="skw.rx.util.UtilityOperatorsTest" time="0.006"/>
  <testcase name="singleOrDefaultWhenZero" classname="skw.rx.util.UtilityOperatorsTest" time="0.006"/>
  <system-out><![CDATA[Thread 13: ----------------------------------------------BEGIN
Thread 27:  • alien
Thread 27:  ‾
Thread 13: ----------------------------------------------END

----------------------------------------------BEGIN
 ✖ Sequence contains too many elements
----------------------------------------------END

----------------------------------------------BEGIN
 ✖ Sequence contains no elements
----------------------------------------------END

----------------------------------------------BEGIN
 • robin
 • chaffinch
 • jay
Side effect on completion
 ‾
----------------------------------------------END

----------------------------------------------BEGIN
 • robin
 • chaffinch
 • jay
 ‾
----------------------------------------------END

----------------------------------------------BEGIN
 • robin
 • chaffinch
 • jay
 ‾
Side effect on finally
----------------------------------------------END

----------------------------------------------BEGIN
 • one thing
 ‾
----------------------------------------------END

----------------------------------------------BEGIN
 • one thing
 ‾
----------------------------------------------END

----------------------------------------------iBEGIN
 • 0
 • 1
 • 2
 • 3
----------------------------------------------iEND

----------------------------------------------BEGIN
 • things
 ‾
----------------------------------------------END

----------------------------------------------BEGIN
 • Timestamped(timestampMillis = 1400098533334, value = robin)
 • Timestamped(timestampMillis = 1400098533334, value = chaffinch)
 • Timestamped(timestampMillis = 1400098533334, value = jay)
 ‾
----------------------------------------------END

----------------------------------------------BEGIN
 • Timestamped(timestampMillis = 1400098533342, value = robin)
 • Timestamped(timestampMillis = 1400098533342, value = chaffinch)
 • Timestamped(timestampMillis = 1400098533342, value = jay)
 ‾
----------------------------------------------END

----------------------------------------------BEGIN
 • Timestamped(timestampMillis = 1400098533342, value = robin)
 • Timestamped(timestampMillis = 1400098533342, value = chaffinch)
 • Timestamped(timestampMillis = 1400098533342, value = jay)
 ‾
----------------------------------------------END

----------------------------------------------iBEGIN
 • 0
 • 1
 • 2
 • 3
----------------------------------------------iEND

----------------------------------------------BEGIN
 • 1
 • 2
 ‾
Disposing of resource
----------------------------------------------END

----------------------------------------------BEGIN
Side effect on error java.lang.Exception: Bad stuff
 ✖ Bad stuff
----------------------------------------------END

----------------------------------------------BEGIN
Side effect for [rx.Notification@965af3f7 OnNext robin]
 • robin
Side effect for [rx.Notification@d8eb36f3 OnNext chaffinch]
 • chaffinch
Side effect for [rx.Notification@8fe2246f OnNext jay]
 • jay
Side effect for [rx.Notification@2a9c1cb OnCompleted]
 ‾
----------------------------------------------END

Thread 13: ----------------------------------------------BEGIN
Thread 13:  • robin
Thread 13:  • chaffinch
Thread 13:  • jay
Thread 13:  ‾
Thread 13: ----------------------------------------------END

Thread 13: ----------------------------------------------BEGIN
Thread 24:  • robin
Thread 24:  • chaffinch
Thread 24:  • jay
Thread 24:  ‾
Thread 13: ----------------------------------------------END

Thread 13: ----------------------------------------------BEGIN
Thread 28:  • robin
Thread 28:  • chaffinch
Thread 28:  • jay
Thread 28:  ‾
Thread 13: ----------------------------------------------END

----------------------------------------------iBEGIN
 • TimeInterval [intervalInMilliseconds=10, value=0]
 • TimeInterval [intervalInMilliseconds=11, value=1]
 • TimeInterval [intervalInMilliseconds=11, value=2]
 • TimeInterval [intervalInMilliseconds=11, value=3]
 • TimeInterval [intervalInMilliseconds=10, value=4]
 • TimeInterval [intervalInMilliseconds=12, value=5]
 • TimeInterval [intervalInMilliseconds=10, value=6]
 • TimeInterval [intervalInMilliseconds=10, value=7]
 • TimeInterval [intervalInMilliseconds=11, value=8]
----------------------------------------------iEND

----------------------------------------------BEGIN
 • rx.Observable@56012c27: 2
 • rx.Observable@78e9b1e3: 1
 • rx.Observable@43833283: 8
 • rx.Observable@78e9b1e3: 9
 • rx.Observable@68522093: 7
 • rx.Observable@43833283: 16
 • rx.Observable@78e9b1e3: 17
 • rx.Observable@68522093: 15
 • rx.Observable@56c8ebc2: 6
 • rx.Observable@56c8ebc2: 14
 • rx.Observable@7b0e3eab: 4
 • rx.Observable@7b0e3eab: 12
 • rx.Observable@7b0e3eab: 20
 • rx.Observable@a6ba3c6: 5
 • rx.Observable@4060a0ef: 3
 • rx.Observable@4060a0ef: 11
 • rx.Observable@a6ba3c6: 13
 • rx.Observable@4060a0ef: 19
 • rx.Observable@56012c27: 10
 • rx.Observable@56012c27: 18
 ‾
----------------------------------------------END

----------------------------------------------BEGIN
 • robin
 • chaffinch
 • jay
Side effect on terminate
 ‾
----------------------------------------------END

----------------------------------------------BEGIN
 • [rx.Notification@965af3f7 OnNext robin]
 • [rx.Notification@d8eb36f3 OnNext chaffinch]
 • [rx.Notification@8fe2246f OnNext jay]
 • [rx.Notification@2a9c1cb OnCompleted]
 ‾
----------------------------------------------END

----------------------------------------------BEGIN
 ✖ Sequence contains too many elements
----------------------------------------------END

----------------------------------------------BEGIN
 • default
 ‾
----------------------------------------------END

]]></system-out>
  <system-err><![CDATA[]]></system-err>
</testsuite>
