<?xml version="1.1" encoding="UTF-8"?>
<testsuite name="skw.rx.anamorphisms.AsyncOperatorTest" tests="6" failures="0" errors="0" timestamp="2014-05-16T14:43:38" hostname="localhost" time="0.13">
  <properties/>
  <testcase name="fromRunnable" classname="skw.rx.anamorphisms.AsyncOperatorTest" time="0.105"/>
  <testcase name="toAsync" classname="skw.rx.anamorphisms.AsyncOperatorTest" time="0.008"/>
  <testcase name="forEachFuture" classname="skw.rx.anamorphisms.AsyncOperatorTest" time="0.006"/>
  <testcase name="start" classname="skw.rx.anamorphisms.AsyncOperatorTest" time="0.003"/>
  <testcase name="fromAction" classname="skw.rx.anamorphisms.AsyncOperatorTest" time="0.006"/>
  <testcase name="fromCallable" classname="skw.rx.anamorphisms.AsyncOperatorTest" time="0.001"/>
  <system-out><![CDATA[----------------------------------------------BEGIN
 • value
 ‾
----------------------------------------------END

Thread 13: ----------------------------------------------BEGIN
Thread 13:  • one thing
Thread 13:  ‾
----------------------------------------------END

1
2
Thread 13: ----------------------------------------------BEGIN
Thread 16:  • one thing
Thread 16:  ‾
----------------------------------------------END

----------------------------------------------BEGIN
 • 42
 ‾
----------------------------------------------END

----------------------------------------------BEGIN
]]></system-out>
  <system-err><![CDATA[]]></system-err>
</testsuite>
