<?xml version="1.1" encoding="UTF-8"?>
<testsuite name="skw.rx.util.UtilityOperatorsTest" tests="23" failures="0" errors="0" timestamp="2014-05-15T16:52:33" hostname="localhost" time="0.495">
  <properties/>
  <testcase name="observeOn" classname="skw.rx.util.UtilityOperatorsTest" time="0.006"/>
  <testcase name="singleWhenMany" classname="skw.rx.util.UtilityOperatorsTest" time="0.006"/>
  <testcase name="singleWhenZero" classname="skw.rx.util.UtilityOperatorsTest" time="0.006"/>
  <testcase name="doOnCompleted" classname="skw.rx.util.UtilityOperatorsTest" time="0.008"/>
  <testcase name="dematerialize" classname="skw.rx.util.UtilityOperatorsTest" time="0.01"/>
  <testcase name="doOnFinally" classname="skw.rx.util.UtilityOperatorsTest" time="0.008"/>
  <testcase name="singleOrDefaultWhenOne" classname="skw.rx.util.UtilityOperatorsTest" time="0.005"/>
  <testcase name="singleWhenOne" classname="skw.rx.util.UtilityOperatorsTest" time="0.006"/>
  <testcase name="delaySubscription" classname="skw.rx.util.UtilityOperatorsTest" time="0.106"/>
  <testcase name="singleByPredicate" classname="skw.rx.util.UtilityOperatorsTest" time="0.007"/>
  <testcase name="timestamp" classname="skw.rx.util.UtilityOperatorsTest" time="0.008"/>
  <testcase name="cache" classname="skw.rx.util.UtilityOperatorsTest" time="0.028"/>
  <testcase name="delay" classname="skw.rx.util.UtilityOperatorsTest" time="0.102"/>
  <testcase name="using" classname="skw.rx.util.UtilityOperatorsTest" time="0.009"/>
  <testcase name="doOnError" classname="skw.rx.util.UtilityOperatorsTest" time="0.009"/>
  <testcase name="doOnEach" classname="skw.rx.util.UtilityOperatorsTest" time="0.009"/>
  <testcase name="subscribeOn" classname="skw.rx.util.UtilityOperatorsTest" time="0.018"/>
  <testcase name="timeInterval" classname="skw.rx.util.UtilityOperatorsTest" time="0.103"/>
  <testcase name="parallel" classname="skw.rx.util.UtilityOperatorsTest" time="0.009"/>
  <testcase name="doOnTerminate" classname="skw.rx.util.UtilityOperatorsTest" time="0.007"/>
  <testcase name="materialize" classname="skw.rx.util.UtilityOperatorsTest" time="0.006"/>
  <testcase name="singleOrDefaultWhenMany" classname="skw.rx.util.UtilityOperatorsTest" time="0.006"/>
  <testcase name="singleOrDefaultWhenZero" classname="skw.rx.util.UtilityOperatorsTest" time="0.006"/>
  <system-out><![CDATA[Thread 13: ----------------------------------------------BEGIN
Thread 23:  • alien
Thread 23:  ‾
Thread 13: ----------------------------------------------END

----------------------------------------------BEGIN
 ✖ Sequence contains too many elements
----------------------------------------------END

----------------------------------------------BEGIN
 ✖ Sequence contains no elements
----------------------------------------------END

----------------------------------------------BEGIN
 • robin
 • chaffinch
 • jay
Side effect on completion
 ‾
----------------------------------------------END

----------------------------------------------BEGIN
 • robin
 • chaffinch
 • jay
 ‾
----------------------------------------------END

----------------------------------------------BEGIN
 • robin
 • chaffinch
 • jay
 ‾
Side effect on finally
----------------------------------------------END

----------------------------------------------BEGIN
 • one thing
 ‾
----------------------------------------------END

----------------------------------------------BEGIN
 • one thing
 ‾
----------------------------------------------END

----------------------------------------------iBEGIN
 • 0
 • 1
 • 2
 • 3
----------------------------------------------iEND

----------------------------------------------BEGIN
 • things
 ‾
----------------------------------------------END

----------------------------------------------BEGIN
 • Timestamped(timestampMillis = 1400172753717, value = robin)
 • Timestamped(timestampMillis = 1400172753717, value = chaffinch)
 • Timestamped(timestampMillis = 1400172753717, value = jay)
 ‾
----------------------------------------------END

----------------------------------------------BEGIN
 • Timestamped(timestampMillis = 1400172753727, value = robin)
 • Timestamped(timestampMillis = 1400172753727, value = chaffinch)
 • Timestamped(timestampMillis = 1400172753727, value = jay)
 ‾
----------------------------------------------END

----------------------------------------------BEGIN
 • Timestamped(timestampMillis = 1400172753727, value = robin)
 • Timestamped(timestampMillis = 1400172753727, value = chaffinch)
 • Timestamped(timestampMillis = 1400172753727, value = jay)
 ‾
----------------------------------------------END

----------------------------------------------iBEGIN
 • 0
 • 1
 • 2
 • 3
 • 4
----------------------------------------------iEND

----------------------------------------------BEGIN
 • 1
 • 2
 ‾
Disposing of resource
----------------------------------------------END

----------------------------------------------BEGIN
Side effect on error java.lang.Exception: Bad stuff
 ✖ Bad stuff
----------------------------------------------END

----------------------------------------------BEGIN
Side effect for [rx.Notification@b98c61c4 OnNext robin]
 • robin
Side effect for [rx.Notification@fc1ca4c0 OnNext chaffinch]
 • chaffinch
Side effect for [rx.Notification@b313923c OnNext jay]
 • jay
Side effect for [rx.Notification@350ea69a OnCompleted]
 ‾
----------------------------------------------END

Thread 13: ----------------------------------------------BEGIN
Thread 13:  • robin
Thread 13:  • chaffinch
Thread 13:  • jay
Thread 13:  ‾
Thread 13: ----------------------------------------------END

Thread 13: ----------------------------------------------BEGIN
Thread 20:  • robin
Thread 20:  • chaffinch
Thread 20:  • jay
Thread 20:  ‾
Thread 13: ----------------------------------------------END

Thread 13: ----------------------------------------------BEGIN
Thread 24:  • robin
Thread 24:  • chaffinch
Thread 24:  • jay
Thread 24:  ‾
Thread 13: ----------------------------------------------END

----------------------------------------------iBEGIN
 • TimeInterval [intervalInMilliseconds=11, value=0]
 • TimeInterval [intervalInMilliseconds=10, value=1]
 • TimeInterval [intervalInMilliseconds=10, value=2]
 • TimeInterval [intervalInMilliseconds=10, value=3]
 • TimeInterval [intervalInMilliseconds=9, value=4]
 • TimeInterval [intervalInMilliseconds=11, value=5]
 • TimeInterval [intervalInMilliseconds=11, value=6]
 • TimeInterval [intervalInMilliseconds=9, value=7]
 • TimeInterval [intervalInMilliseconds=10, value=8]
----------------------------------------------iEND

 • TimeInterval [intervalInMilliseconds=10, value=9]
----------------------------------------------BEGIN
 • rx.Observable@73000601: 2
 • rx.Observable@37372890: 1
 • rx.Observable@4c3367b0: 3
 • rx.Observable@42de11f: 6
 • rx.Observable@5cfb6193: 5
 • rx.Observable@7fe9d40e: 4
 • rx.Observable@1adbd280: 7
 • rx.Observable@5ac8f4a1: 8
 • rx.Observable@73000601: 10
 • rx.Observable@37372890: 9
 • rx.Observable@4c3367b0: 11
 • rx.Observable@7fe9d40e: 12
 • rx.Observable@5cfb6193: 13
 • rx.Observable@37372890: 17
 • rx.Observable@42de11f: 14
 • rx.Observable@1adbd280: 15
 • rx.Observable@5ac8f4a1: 16
 • rx.Observable@73000601: 18
 • rx.Observable@4c3367b0: 19
 • rx.Observable@7fe9d40e: 20
 ‾
----------------------------------------------END

----------------------------------------------BEGIN
 • robin
 • chaffinch
 • jay
Side effect on terminate
 ‾
----------------------------------------------END

----------------------------------------------BEGIN
 • [rx.Notification@b98c61c4 OnNext robin]
 • [rx.Notification@fc1ca4c0 OnNext chaffinch]
 • [rx.Notification@b313923c OnNext jay]
 • [rx.Notification@350ea69a OnCompleted]
 ‾
----------------------------------------------END

----------------------------------------------BEGIN
 ✖ Sequence contains too many elements
----------------------------------------------END

----------------------------------------------BEGIN
 • default
 ‾
----------------------------------------------END

]]></system-out>
  <system-err><![CDATA[]]></system-err>
</testsuite>
