<?xml version="1.1" encoding="UTF-8"?>
<testsuite name="skw.rx.binding.TransformingObservablesTest" tests="8" failures="0" errors="0" timestamp="2014-05-14T15:07:50" hostname="localhost" time="0.033">
  <properties/>
  <testcase name="buffer" classname="skw.rx.binding.TransformingObservablesTest" time="0.003"/>
  <testcase name="window" classname="skw.rx.binding.TransformingObservablesTest" time="0.001"/>
  <testcase name="flatMap" classname="skw.rx.binding.TransformingObservablesTest" time="0.002"/>
  <testcase name="map" classname="skw.rx.binding.TransformingObservablesTest" time="0.001"/>
  <testcase name="cast" classname="skw.rx.binding.TransformingObservablesTest" time="0.001"/>
  <testcase name="scan" classname="skw.rx.binding.TransformingObservablesTest" time="0.001"/>
  <testcase name="pivot" classname="skw.rx.binding.TransformingObservablesTest" time="0.019"/>
  <testcase name="groupBy" classname="skw.rx.binding.TransformingObservablesTest" time="0.001"/>
  <system-out><![CDATA[----------------------------------------------BEGIN
 • [Spencer Ward, Leon Jones, Mitchell Ward]
 • [Sue Ward, Camden Jones, Cynthia Jones]
 • [Bailey Jones, Mia Ward]
 ‾
----------------------------------------------END

----------------------------------------------BEGIN
 |→•Spencer Ward→•Leon Jones→•Mitchell Ward→|
 |→•Sue Ward→•Camden Jones→•Cynthia Jones→|
 |→•Bailey Jones→•Mia Ward→|
 ‾
----------------------------------------------END

----------------------------------------------BEGIN
 • Creep
 • Paranoid Android
 • King of Nails
 • Happy Man
 ‾
----------------------------------------------END

----------------------------------------------BEGIN
 • Spencer Ward
 • Mitchell Ward
 • Sue Ward
 ‾
----------------------------------------------END

----------------------------------------------BEGIN
 ✖ Cannot cast java.lang.String to skw.rx.binding.TransformingObservablesTest$1Turnip
----------------------------------------------END

----------------------------------------------BEGIN
 • Spencer
 • Spencer,Mitchell
 • Spencer,Mitchell,Sue
 ‾
----------------------------------------------END

----------------------------------------------BEGIN
 |→•Grouped Observable→•Grouped Observable→|
 |→•Grouped Observable→•Grouped Observable→|
 ‾
----------------------------------------------END

----------------------------------------------BEGIN
 |→•Leon Jones→•Camden Jones→•Cynthia Jones→•Bailey Jones→|
 ‾
 |→•Spencer Ward→•Mitchell Ward→•Sue Ward→•Mia Ward→|
----------------------------------------------END

]]></system-out>
  <system-err><![CDATA[]]></system-err>
</testsuite>
