<?xml version="1.1" encoding="UTF-8"?>
<testsuite name="skw.rx.binding.ErrorHandlingTest" tests="2" failures="0" errors="0" timestamp="2014-05-17T09:15:15" hostname="localhost" time="0.005">
  <properties/>
  <testcase name="onErrorReturn" classname="skw.rx.binding.ErrorHandlingTest" time="0.002"/>
  <testcase name="onErrorResumeNext" classname="skw.rx.binding.ErrorHandlingTest" time="0.003"/>
  <system-out><![CDATA[----------------------------------------------BEGIN
 • robin
 • chaffinch
 • jay
 • recovery item for java.lang.Exception: Bad stuff
 ‾
----------------------------------------------END

----------------------------------------------BEGIN
 • robin
 • chaffinch
 • jay
 • salmon
 • perch
 • trout
 ‾
----------------------------------------------END

]]></system-out>
  <system-err><![CDATA[]]></system-err>
</testsuite>
