<?xml version="1.1" encoding="UTF-8"?>
<testsuite name="skw.rx.binding.FilteringObservablesTest" tests="26" failures="0" errors="0" timestamp="2014-05-14T15:42:45" hostname="localhost" time="0.231">
  <properties/>
  <testcase name="firstByPredicateWhenNone" classname="skw.rx.binding.FilteringObservablesTest" time="0.004"/>
  <testcase name="firstOrDefaultByPredicate" classname="skw.rx.binding.FilteringObservablesTest" time="0.001"/>
  <testcase name="firstOrDefault" classname="skw.rx.binding.FilteringObservablesTest" time="0.0"/>
  <testcase name="distinctUntilChanged" classname="skw.rx.binding.FilteringObservablesTest" time="0.002"/>
  <testcase name="timeout" classname="skw.rx.binding.FilteringObservablesTest" time="0.032"/>
  <testcase name="filter" classname="skw.rx.binding.FilteringObservablesTest" time="0.001"/>
  <testcase name="ofType" classname="skw.rx.binding.FilteringObservablesTest" time="0.002"/>
  <testcase name="ignoreElements" classname="skw.rx.binding.FilteringObservablesTest" time="0.001"/>
  <testcase name="takeFirstWhenNone" classname="skw.rx.binding.FilteringObservablesTest" time="0.001"/>
  <testcase name="sample" classname="skw.rx.binding.FilteringObservablesTest" time="0.04"/>
  <testcase name="takeLast" classname="skw.rx.binding.FilteringObservablesTest" time="0.002"/>
  <testcase name="lastOrDefault" classname="skw.rx.binding.FilteringObservablesTest" time="0.001"/>
  <testcase name="timeoutWithAlternative" classname="skw.rx.binding.FilteringObservablesTest" time="0.021"/>
  <testcase name="lastOrDefaultByPredicate" classname="skw.rx.binding.FilteringObservablesTest" time="0.001"/>
  <testcase name="elementAt" classname="skw.rx.binding.FilteringObservablesTest" time="0.002"/>
  <testcase name="firstByPredicate" classname="skw.rx.binding.FilteringObservablesTest" time="0.002"/>
  <testcase name="last" classname="skw.rx.binding.FilteringObservablesTest" time="0.0"/>
  <testcase name="skip" classname="skw.rx.binding.FilteringObservablesTest" time="0.002"/>
  <testcase name="take" classname="skw.rx.binding.FilteringObservablesTest" time="0.001"/>
  <testcase name="first" classname="skw.rx.binding.FilteringObservablesTest" time="0.001"/>
  <testcase name="distinct" classname="skw.rx.binding.FilteringObservablesTest" time="0.004"/>
  <testcase name="elementAtOrDefault" classname="skw.rx.binding.FilteringObservablesTest" time="0.0"/>
  <testcase name="takeFirst" classname="skw.rx.binding.FilteringObservablesTest" time="0.009"/>
  <testcase name="throttle" classname="skw.rx.binding.FilteringObservablesTest" time="0.09"/>
  <testcase name="takeLastBuffer" classname="skw.rx.binding.FilteringObservablesTest" time="0.001"/>
  <testcase name="skipLast" classname="skw.rx.binding.FilteringObservablesTest" time="0.002"/>
  <system-out><![CDATA[----------------------------------------------BEGIN
 ✖ Sequence contains no elements
----------------------------------------------END

----------------------------------------------BEGIN
 • 0.0
 ‾
----------------------------------------------END

----------------------------------------------BEGIN
 • default
 ‾
----------------------------------------------END

----------------------------------------------BEGIN
 • 1
 • 2
 • 4
 • 1
 • 2
 ‾
----------------------------------------------END

----------------------------------------------iBEGIN
 ✖ null
----------------------------------------------iEND

----------------------------------------------BEGIN
 • 91.8
 • 100.0
 • 89.0
 • 74.9
 ‾
----------------------------------------------END

----------------------------------------------BEGIN
 • hello
 • world
 ‾
----------------------------------------------END

----------------------------------------------BEGIN
 ‾
----------------------------------------------END

----------------------------------------------BEGIN
 ‾
----------------------------------------------END

----------------------------------------------BEGIN
 • 122556
 • 316949
 • 893731
 ‾
----------------------------------------------END

----------------------------------------------BEGIN
 • 74.9
 • 38.0
 ‾
----------------------------------------------END

----------------------------------------------BEGIN
 • default
 ‾
----------------------------------------------END

----------------------------------------------iBEGIN
 • 91.8
 • 38.0
 • 100.0
 • 64.2
 • 89.0
 • 74.9
 • 38.0
 ‾
----------------------------------------------iEND

----------------------------------------------BEGIN
 • 0.0
 ‾
----------------------------------------------END

----------------------------------------------BEGIN
 • 89.0
 ‾
----------------------------------------------END

----------------------------------------------BEGIN
 • 38.0
 ‾
----------------------------------------------END

----------------------------------------------BEGIN
 • 38.0
 ‾
----------------------------------------------END

----------------------------------------------BEGIN
 • 100.0
 • 64.2
 • 89.0
 • 74.9
 • 38.0
 ‾
----------------------------------------------END

----------------------------------------------BEGIN
 • 91.8
 • 38.0
 ‾
----------------------------------------------END

----------------------------------------------BEGIN
 • 91.8
 ‾
----------------------------------------------END

----------------------------------------------BEGIN
 • 1
 • 2
 • 4
 ‾
----------------------------------------------END

----------------------------------------------BEGIN
 • -1.0
 ‾
----------------------------------------------END

----------------------------------------------BEGIN
 • 38.0
 ‾
----------------------------------------------END

----------------------------------------------BEGIN
 • 0
 • 17250
 • 68295
 • 154329
 • 298343
 • 436765
 • 578441
 • 776076
 • 976062
 ‾
----------------------------------------------END

----------------------------------------------BEGIN
 • [74.9, 38.0]
 ‾
----------------------------------------------END

----------------------------------------------BEGIN
 • 91.8
 • 38.0
 • 100.0
 • 64.2
 • 89.0
 ‾
----------------------------------------------END

]]></system-out>
  <system-err><![CDATA[]]></system-err>
</testsuite>
