<?xml version="1.1" encoding="UTF-8"?>
<testsuite name="skw.rx.design.FileIOTest" tests="1" failures="0" errors="0" timestamp="2014-05-17T09:15:15" hostname="localhost" time="0.003">
  <properties/>
  <testcase name="readFile" classname="skw.rx.design.FileIOTest" time="0.003"/>
  <system-out><![CDATA[CAN YOU TREAT IT LIKE AN OIL WELL
WHEN IT'S UNDERGROUND, OUT OF SIGHT?
AND IF THE SIGHT IS JUST A WHORE SIGN
WILL IT MAKE ENOUGH SENSE TO ME?

PRETEND THE TABLE IS A TRUST KNOT
WE'LL PUT OUR LABELS DOWN, FAVORS DOWN
I'LL WATCH SOME YARDS OF TWINE UNRAVEL
AND YOU'LL NEVER GET IT BACK

IT'S WHAT I WANT, IT'S WHAT I WANT
(IT'S WHAT I WANT, TWINE COMES DOWN)
IT'S WHAT I WANT, IT'S WHAT I WANT
(IT'S WHAT I WANT )

DON'T YOU KNOW, I COULD MAKE YOU TRY
MAKE YOU TRY, MAKE YOU TRY, MAKE YOU TRY

WELL, I'VE BEEN DOWN, THE KING OF IT
IT IS ALL I HAVE, I'VE BEEN DOWN
AND I COULD WAIT TO HEAR THE WORDS
THEY'RE DIAMOND SHARP TODAY

IT'S WHAT I WANT, IT'S WHAT I WANT
(IT'S WHAT I WANT, TWINE COMES DOWN)
IT'S WHAT I WANT, IT'S WHAT I WANT
(IT'S WHAT I WANT )

DON'T YOU KNOW, I COULD MAKE YOU TRY
MAKE YOU TRY, MAKE YOU TRY, MAKE YOU TRY

WELL, I'VE BEEN DOWN, WELL, I'VE BEEN DOWN
DOWN, DOWN, DOWN, DOWN, DOWN
DOWN, DOWN, DOWN, DOWN, DOWN
]]></system-out>
  <system-err><![CDATA[]]></system-err>
</testsuite>
