<?xml version="1.1" encoding="UTF-8"?>
<testsuite name="skw.rx.util.UtilityOperatorsTest" tests="23" failures="0" errors="0" timestamp="2014-05-16T12:14:55" hostname="localhost" time="0.487">
  <properties/>
  <testcase name="observeOn" classname="skw.rx.util.UtilityOperatorsTest" time="0.006"/>
  <testcase name="singleWhenMany" classname="skw.rx.util.UtilityOperatorsTest" time="0.006"/>
  <testcase name="singleWhenZero" classname="skw.rx.util.UtilityOperatorsTest" time="0.006"/>
  <testcase name="doOnCompleted" classname="skw.rx.util.UtilityOperatorsTest" time="0.009"/>
  <testcase name="dematerialize" classname="skw.rx.util.UtilityOperatorsTest" time="0.008"/>
  <testcase name="doOnFinally" classname="skw.rx.util.UtilityOperatorsTest" time="0.008"/>
  <testcase name="singleOrDefaultWhenOne" classname="skw.rx.util.UtilityOperatorsTest" time="0.007"/>
  <testcase name="singleWhenOne" classname="skw.rx.util.UtilityOperatorsTest" time="0.006"/>
  <testcase name="delaySubscription" classname="skw.rx.util.UtilityOperatorsTest" time="0.103"/>
  <testcase name="singleByPredicate" classname="skw.rx.util.UtilityOperatorsTest" time="0.007"/>
  <testcase name="timestamp" classname="skw.rx.util.UtilityOperatorsTest" time="0.008"/>
  <testcase name="cache" classname="skw.rx.util.UtilityOperatorsTest" time="0.025"/>
  <testcase name="delay" classname="skw.rx.util.UtilityOperatorsTest" time="0.101"/>
  <testcase name="using" classname="skw.rx.util.UtilityOperatorsTest" time="0.008"/>
  <testcase name="doOnError" classname="skw.rx.util.UtilityOperatorsTest" time="0.008"/>
  <testcase name="doOnEach" classname="skw.rx.util.UtilityOperatorsTest" time="0.007"/>
  <testcase name="subscribeOn" classname="skw.rx.util.UtilityOperatorsTest" time="0.017"/>
  <testcase name="timeInterval" classname="skw.rx.util.UtilityOperatorsTest" time="0.102"/>
  <testcase name="parallel" classname="skw.rx.util.UtilityOperatorsTest" time="0.011"/>
  <testcase name="doOnTerminate" classname="skw.rx.util.UtilityOperatorsTest" time="0.007"/>
  <testcase name="materialize" classname="skw.rx.util.UtilityOperatorsTest" time="0.006"/>
  <testcase name="singleOrDefaultWhenMany" classname="skw.rx.util.UtilityOperatorsTest" time="0.006"/>
  <testcase name="singleOrDefaultWhenZero" classname="skw.rx.util.UtilityOperatorsTest" time="0.006"/>
  <system-out><![CDATA[Thread 13: ----------------------------------------------BEGIN
Thread 23:  • alien
Thread 23:  ‾
Thread 13: ----------------------------------------------END

----------------------------------------------BEGIN
 ✖ Sequence contains too many elements
----------------------------------------------END

----------------------------------------------BEGIN
 ✖ Sequence contains no elements
----------------------------------------------END

----------------------------------------------BEGIN
 • robin
 • chaffinch
 • jay
Side effect on completion
 ‾
----------------------------------------------END

----------------------------------------------BEGIN
 • robin
 • chaffinch
 • jay
 ‾
----------------------------------------------END

----------------------------------------------BEGIN
 • robin
 • chaffinch
 • jay
 ‾
Side effect on finally
----------------------------------------------END

----------------------------------------------BEGIN
 • one thing
 ‾
----------------------------------------------END

----------------------------------------------BEGIN
 • one thing
 ‾
----------------------------------------------END

----------------------------------------------iBEGIN
 • 0
 • 1
 • 2
 • 3
----------------------------------------------iEND

----------------------------------------------BEGIN
 • things
 ‾
----------------------------------------------END

----------------------------------------------BEGIN
 • Timestamped(timestampMillis = 1400242495833, value = robin)
 • Timestamped(timestampMillis = 1400242495833, value = chaffinch)
 • Timestamped(timestampMillis = 1400242495834, value = jay)
 ‾
----------------------------------------------END

----------------------------------------------BEGIN
 • Timestamped(timestampMillis = 1400242495841, value = robin)
 • Timestamped(timestampMillis = 1400242495841, value = chaffinch)
 • Timestamped(timestampMillis = 1400242495841, value = jay)
 ‾
----------------------------------------------END

----------------------------------------------BEGIN
 • Timestamped(timestampMillis = 1400242495841, value = robin)
 • Timestamped(timestampMillis = 1400242495841, value = chaffinch)
 • Timestamped(timestampMillis = 1400242495841, value = jay)
 ‾
----------------------------------------------END

----------------------------------------------iBEGIN
 • 0
 • 1
 • 2
 • 3
----------------------------------------------iEND

----------------------------------------------BEGIN
 • 1
 • 2
 ‾
Disposing of resource
----------------------------------------------END

----------------------------------------------BEGIN
Side effect on error java.lang.Exception: Bad stuff
 ✖ Bad stuff
----------------------------------------------END

----------------------------------------------BEGIN
Side effect for [rx.Notification@f3b4fba9 OnNext robin]
 • robin
Side effect for [rx.Notification@36453ea5 OnNext chaffinch]
 • chaffinch
Side effect for [rx.Notification@ed3c2c21 OnNext jay]
 • jay
Side effect for [rx.Notification@97890eb OnCompleted]
 ‾
----------------------------------------------END

Thread 13: ----------------------------------------------BEGIN
Thread 13:  • robin
Thread 13:  • chaffinch
Thread 13:  • jay
Thread 13:  ‾
Thread 13: ----------------------------------------------END

Thread 13: ----------------------------------------------BEGIN
Thread 16:  • robin
Thread 16:  • chaffinch
Thread 16:  • jay
Thread 16:  ‾
Thread 13: ----------------------------------------------END

Thread 13: ----------------------------------------------BEGIN
Thread 24:  • robin
Thread 24:  • chaffinch
Thread 24:  • jay
Thread 24:  ‾
Thread 13: ----------------------------------------------END

----------------------------------------------iBEGIN
 • TimeInterval [intervalInMilliseconds=10, value=0]
 • TimeInterval [intervalInMilliseconds=12, value=1]
 • TimeInterval [intervalInMilliseconds=8, value=2]
 • TimeInterval [intervalInMilliseconds=11, value=3]
 • TimeInterval [intervalInMilliseconds=9, value=4]
 • TimeInterval [intervalInMilliseconds=12, value=5]
 • TimeInterval [intervalInMilliseconds=8, value=6]
 • TimeInterval [intervalInMilliseconds=11, value=7]
 • TimeInterval [intervalInMilliseconds=10, value=8]
----------------------------------------------iEND

----------------------------------------------BEGIN
 • rx.Observable@531af15: 1
 • rx.Observable@5d368da5: 2
 • rx.Observable@5fa9e471: 3
 • rx.Observable@6b2d2436: 4
 • rx.Observable@66275af8: 5
 • rx.Observable@23fea444: 6
 • rx.Observable@50fb43fb: 7
 • rx.Observable@5896059f: 8
 • rx.Observable@531af15: 9
 • rx.Observable@531af15: 17
 • rx.Observable@5896059f: 16
 • rx.Observable@5d368da5: 10
 • rx.Observable@5fa9e471: 11
 • rx.Observable@5fa9e471: 19
 • rx.Observable@6b2d2436: 12
 • rx.Observable@6b2d2436: 20
 • rx.Observable@5d368da5: 18
 • rx.Observable@23fea444: 14
 • rx.Observable@50fb43fb: 15
 • rx.Observable@66275af8: 13
 ‾
----------------------------------------------END

----------------------------------------------BEGIN
 • robin
 • chaffinch
 • jay
Side effect on terminate
 ‾
----------------------------------------------END

----------------------------------------------BEGIN
 • [rx.Notification@f3b4fba9 OnNext robin]
 • [rx.Notification@36453ea5 OnNext chaffinch]
 • [rx.Notification@ed3c2c21 OnNext jay]
 • [rx.Notification@97890eb OnCompleted]
 ‾
----------------------------------------------END

----------------------------------------------BEGIN
 ✖ Sequence contains too many elements
----------------------------------------------END

----------------------------------------------BEGIN
 • default
 ‾
----------------------------------------------END

]]></system-out>
  <system-err><![CDATA[]]></system-err>
</testsuite>
