<?xml version="1.1" encoding="UTF-8"?>
<testsuite name="skw.rx.anamorphisms.ConnectableObservableTest" tests="4" failures="0" errors="0" timestamp="2014-05-16T14:51:20" hostname="localhost" time="0.046">
  <properties/>
  <testcase name="replay" classname="skw.rx.anamorphisms.ConnectableObservableTest" time="0.041"/>
  <testcase name="refCount" classname="skw.rx.anamorphisms.ConnectableObservableTest" time="0.002"/>
  <testcase name="publishLast" classname="skw.rx.anamorphisms.ConnectableObservableTest" time="0.0"/>
  <testcase name="connect" classname="skw.rx.anamorphisms.ConnectableObservableTest" time="0.0"/>
  <system-out><![CDATA[ ‾
----------------------------------------------END

----------------------------------------------iBEGIN
 • 1
----------------------------------------------iBEGIN
 • 1
 • 2
 ‾
----------------------------------------------END

----------------------------------------------BEGIN
 • suspicion
 • notorious
 • psycho
 ‾
----------------------------------------------END

----------------------------------------------BEGIN
 • Seventh Seal
 ‾
----------------------------------------------END

----------------------------------------------BEGIN
----------------------------------------------BEGIN
 • suspicion
 • suspicion
 • notorious
 • notorious
 • psycho
 • psycho
 ‾
----------------------------------------------END

 ‾
----------------------------------------------END

]]></system-out>
  <system-err><![CDATA[]]></system-err>
</testsuite>
