<?xml version="1.1" encoding="UTF-8"?>
<testsuite name="skw.rx.anamorphisms.CreatingObservablesTest" tests="8" failures="0" errors="0" timestamp="2014-05-14T15:07:50" hostname="localhost" time="0.094">
  <properties/>
  <testcase name="create" classname="skw.rx.anamorphisms.CreatingObservablesTest" time="0.072"/>
  <testcase name="repeat" classname="skw.rx.anamorphisms.CreatingObservablesTest" time="0.01"/>
  <testcase name="from" classname="skw.rx.anamorphisms.CreatingObservablesTest" time="0.001"/>
  <testcase name="just" classname="skw.rx.anamorphisms.CreatingObservablesTest" time="0.0"/>
  <testcase name="empty" classname="skw.rx.anamorphisms.CreatingObservablesTest" time="0.001"/>
  <testcase name="error" classname="skw.rx.anamorphisms.CreatingObservablesTest" time="0.001"/>
  <testcase name="never" classname="skw.rx.anamorphisms.CreatingObservablesTest" time="0.002"/>
  <testcase name="range" classname="skw.rx.anamorphisms.CreatingObservablesTest" time="0.004"/>
  <system-out><![CDATA[----------------------------------------------BEGIN
 • wibble
 ✖ bad thing
----------------------------------------------END

----------------------------------------------BEGIN
 • ground hog day
 • ground hog day
 ‾
----------------------------------------------END

----------------------------------------------BEGIN
 • 1
 • 2
 • 3
 ‾
----------------------------------------------END

----------------------------------------------BEGIN
 • one more thing
 ‾
----------------------------------------------END

----------------------------------------------BEGIN
 ‾
----------------------------------------------END

----------------------------------------------BEGIN
 ✖ bad thing
----------------------------------------------END

----------------------------------------------BEGIN
----------------------------------------------END

----------------------------------------------BEGIN
 • 1
 • 2
 • 3
 ‾
----------------------------------------------END

]]></system-out>
  <system-err><![CDATA[]]></system-err>
</testsuite>
