<?xml version="1.1" encoding="UTF-8"?>
<testsuite name="skw.rx.anamorphisms.CreatingObservablesTest" tests="10" failures="0" errors="0" timestamp="2014-05-15T16:52:32" hostname="localhost" time="0.266">
  <properties/>
  <testcase name="create" classname="skw.rx.anamorphisms.CreatingObservablesTest" time="0.008"/>
  <testcase name="repeat" classname="skw.rx.anamorphisms.CreatingObservablesTest" time="0.011"/>
  <testcase name="from" classname="skw.rx.anamorphisms.CreatingObservablesTest" time="0.006"/>
  <testcase name="just" classname="skw.rx.anamorphisms.CreatingObservablesTest" time="0.006"/>
  <testcase name="empty" classname="skw.rx.anamorphisms.CreatingObservablesTest" time="0.006"/>
  <testcase name="error" classname="skw.rx.anamorphisms.CreatingObservablesTest" time="0.007"/>
  <testcase name="never" classname="skw.rx.anamorphisms.CreatingObservablesTest" time="0.007"/>
  <testcase name="range" classname="skw.rx.anamorphisms.CreatingObservablesTest" time="0.007"/>
  <testcase name="timer" classname="skw.rx.anamorphisms.CreatingObservablesTest" time="0.104"/>
  <testcase name="interval" classname="skw.rx.anamorphisms.CreatingObservablesTest" time="0.103"/>
  <system-out><![CDATA[----------------------------------------------BEGIN
 • wibble
 ✖ bad thing
----------------------------------------------END

----------------------------------------------BEGIN
 • ground hog day
 • ground hog day
 ‾
----------------------------------------------END

----------------------------------------------BEGIN
 • 1
 • 2
 • 3
 ‾
----------------------------------------------END

----------------------------------------------BEGIN
 • one more thing
 ‾
----------------------------------------------END

----------------------------------------------BEGIN
 ‾
----------------------------------------------END

----------------------------------------------BEGIN
 ✖ bad thing
----------------------------------------------END

----------------------------------------------BEGIN
----------------------------------------------END

----------------------------------------------BEGIN
 • 1
 • 2
 • 3
 ‾
----------------------------------------------END

----------------------------------------------iBEGIN
 • 0
 ‾
----------------------------------------------iEND

----------------------------------------------iBEGIN
 • 0
 • 1
 • 2
 • 3
 • 4
 • 5
 • 6
 • 7
 • 8
 • 9
----------------------------------------------iEND

]]></system-out>
  <system-err><![CDATA[]]></system-err>
</testsuite>
